2025-02-27 17:45:05.621 [info] [main] Log level: Info
2025-02-27 17:45:05.621 [info] [main] Validating found git in: "git"
2025-02-27 17:45:05.621 [info] [main] Using git "2.43.0" from "git"
2025-02-27 17:45:05.621 [info] [Model][doInitialScan] Initial repository scan started
2025-02-27 17:45:05.621 [info] > git rev-parse --show-toplevel [1282ms]
2025-02-27 17:45:05.621 [info] > git rev-parse --git-dir --git-common-dir [14ms]
2025-02-27 17:45:05.621 [info] [Model][openRepository] Opened repository: /home/edouard/P3
2025-02-27 17:45:05.646 [info] > git rev-parse --show-toplevel [13ms]
2025-02-27 17:45:05.647 [info] > git config --get commit.template [18ms]
2025-02-27 17:45:05.667 [info] > git rev-parse --show-toplevel [13ms]
2025-02-27 17:45:05.795 [info] > git rev-parse --show-toplevel [3ms]
2025-02-27 17:45:05.795 [info] > git for-each-ref --format=%(refname)%00%(upstream:short)%00%(objectname)%00%(upstream:track)%00%(upstream:remotename)%00%(upstream:remoteref) refs/heads/main refs/remotes/main [130ms]
2025-02-27 17:45:05.804 [info] > git rev-parse --show-toplevel [5ms]
2025-02-27 17:45:05.807 [info] [Model][doInitialScan] Initial repository scan completed - repositories (1), closed repositories (0), parent repositories (0), unsafe repositories (0)
2025-02-27 17:45:05.837 [info] > git status -z -uall [24ms]
2025-02-27 17:45:05.837 [info] > git for-each-ref --sort -committerdate --format %(refname) %(objectname) %(*objectname) [19ms]
2025-02-27 17:45:05.855 [info] > git for-each-ref --format=%(refname)%00%(upstream:short)%00%(objectname)%00%(upstream:track)%00%(upstream:remotename)%00%(upstream:remoteref) refs/heads/main refs/remotes/main [8ms]
2025-02-27 17:45:05.861 [info] > git config --get commit.template [8ms]
2025-02-27 17:45:05.862 [info] > git config --get --local branch.main.vscode-merge-base [3ms]
2025-02-27 17:45:06.118 [info] > git for-each-ref --format=%(refname)%00%(upstream:short)%00%(objectname)%00%(upstream:track)%00%(upstream:remotename)%00%(upstream:remoteref) refs/heads/main refs/remotes/main [247ms]
2025-02-27 17:45:06.118 [info] > git for-each-ref --format=%(refname)%00%(upstream:short)%00%(objectname)%00%(upstream:track)%00%(upstream:remotename)%00%(upstream:remoteref) refs/heads/origin/main refs/remotes/origin/main [251ms]
2025-02-27 17:45:06.132 [info] > git merge-base refs/heads/main refs/remotes/origin/main [8ms]
2025-02-27 17:45:06.157 [info] > git show --textconv :src/index.html [15ms]
2025-02-27 17:45:06.157 [info] > git status -z -uall [5ms]
2025-02-27 17:45:06.158 [info] > git diff --name-status -z --diff-filter=ADMR e3777a3befd7344b1f5a51369cccf2a7b3e03fb3...refs/remotes/origin/main [21ms]
2025-02-27 17:45:06.172 [info] > git check-ignore -v -z --stdin [10ms]
2025-02-27 17:45:06.174 [info] > git for-each-ref --sort -committerdate --format %(refname) %(objectname) %(*objectname) [18ms]
2025-02-27 17:45:06.177 [info] > git ls-files --stage -- /home/edouard/P3/src/index.html [30ms]
2025-02-27 17:45:06.182 [info] > git cat-file -s 1558ff0834d03f3ac10148a81fdbad96f6d293f0 [1ms]
2025-02-27 17:45:06.280 [info] > git blame --root --incremental e3777a3befd7344b1f5a51369cccf2a7b3e03fb3 -- /home/edouard/P3/src/index.html [37ms]
2025-02-27 17:45:06.283 [info] > git config --get commit.template [4ms]
2025-02-27 17:45:06.295 [info] > git for-each-ref --format=%(refname)%00%(upstream:short)%00%(objectname)%00%(upstream:track)%00%(upstream:remotename)%00%(upstream:remoteref) refs/heads/main refs/remotes/main [7ms]
2025-02-27 17:45:06.308 [info] > git status -z -uall [7ms]
2025-02-27 17:45:06.309 [info] > git for-each-ref --sort -committerdate --format %(refname) %(objectname) %(*objectname) [2ms]
2025-02-27 17:45:08.797 [info] > git show --textconv :README.md [55ms]
2025-02-27 17:45:08.797 [info] > git ls-files --stage -- /home/edouard/P3/README.md [51ms]
2025-02-27 17:45:08.842 [info] > git cat-file -s d2304d31a05ca89d1bc2a3ba14b29445b33b54ba [40ms]
2025-02-27 17:45:08.943 [info] > git blame --root --incremental e3777a3befd7344b1f5a51369cccf2a7b3e03fb3 -- /home/edouard/P3/README.md [73ms]
2025-02-27 17:45:22.550 [info] > git check-ignore -v -z --stdin [1ms]
2025-02-27 17:45:40.635 [info] > git check-ignore -v -z --stdin [2ms]
2025-02-27 17:45:42.185 [info] > git check-ignore -v -z --stdin [1ms]
2025-02-27 17:45:43.224 [info] > git check-ignore -v -z --stdin [1ms]
2025-02-27 17:45:43.630 [info] > git show --textconv :ressources/sql/script.sql [6ms]
2025-02-27 17:45:43.631 [info] > git ls-files --stage -- /home/edouard/P3/ressources/sql/script.sql [2ms]
2025-02-27 17:45:43.667 [info] > git cat-file -s 08dcd3e70f7619759653ac7ef07026c52c731ecb [32ms]
2025-02-27 17:45:47.145 [info] > git blame --root --incremental e3777a3befd7344b1f5a51369cccf2a7b3e03fb3 -- /home/edouard/P3/ressources/sql/script.sql [0ms]
