2025-02-27 22:02:14.702 [info] [main] Log level: Info
2025-02-27 22:02:14.702 [info] [main] Validating found git in: "git"
2025-02-27 22:02:14.702 [info] [main] Using git "2.43.0" from "git"
2025-02-27 22:02:14.702 [info] [Model][doInitialScan] Initial repository scan started
2025-02-27 22:02:14.702 [info] > git rev-parse --show-toplevel [1444ms]
2025-02-27 22:02:14.702 [info] > git rev-parse --git-dir --git-common-dir [878ms]
2025-02-27 22:02:14.702 [info] [Model][openRepository] Opened repository: /home/edouard/Developpez-le-front-end-en-utilisant-Angular
2025-02-27 22:02:14.702 [info] > git rev-parse --show-toplevel [35ms]
2025-02-27 22:02:14.702 [info] > git config --get commit.template [44ms]
2025-02-27 22:02:14.746 [info] > git rev-parse --show-toplevel [34ms]
2025-02-27 22:02:14.773 [info] > git for-each-ref --format=%(refname)%00%(upstream:short)%00%(objectname)%00%(upstream:track)%00%(upstream:remotename)%00%(upstream:remoteref) refs/heads/main refs/remotes/main [37ms]
2025-02-27 22:02:14.783 [info] > git rev-parse --show-toplevel [14ms]
2025-02-27 22:02:14.850 [info] > git rev-parse --show-toplevel [60ms]
2025-02-27 22:02:14.853 [info] [Model][doInitialScan] Initial repository scan completed - repositories (1), closed repositories (0), parent repositories (0), unsafe repositories (0)
2025-02-27 22:02:14.961 [info] > git status -z -uall [100ms]
2025-02-27 22:02:14.981 [info] > git for-each-ref --sort -committerdate --format %(refname) %(objectname) %(*objectname) [111ms]
2025-02-27 22:02:15.047 [info] > git for-each-ref --format=%(refname)%00%(upstream:short)%00%(objectname)%00%(upstream:track)%00%(upstream:remotename)%00%(upstream:remoteref) refs/heads/main refs/remotes/main [47ms]
2025-02-27 22:02:15.064 [info] > git config --get --local branch.main.vscode-merge-base [8ms]
2025-02-27 22:02:15.073 [info] > git config --get commit.template [31ms]
2025-02-27 22:02:15.103 [info] > git for-each-ref --format=%(refname)%00%(upstream:short)%00%(objectname)%00%(upstream:track)%00%(upstream:remotename)%00%(upstream:remoteref) refs/heads/origin/main refs/remotes/origin/main [31ms]
2025-02-27 22:02:15.133 [info] > git show --textconv :src/app/core/guards/auth.guard.ts [42ms]
2025-02-27 22:02:15.134 [info] > git ls-files --stage -- /home/edouard/Developpez-le-front-end-en-utilisant-Angular/src/app/core/guards/auth.guard.ts [32ms]
2025-02-27 22:02:15.432 [info] > git cat-file -s fcf8ae72e4964a7eefe9db0a234fdcd55d7b6c90 [292ms]
2025-02-27 22:02:15.432 [info] > git for-each-ref --format=%(refname)%00%(upstream:short)%00%(objectname)%00%(upstream:track)%00%(upstream:remotename)%00%(upstream:remoteref) refs/heads/main refs/remotes/main [303ms]
2025-02-27 22:02:15.433 [info] > git merge-base refs/heads/main refs/remotes/origin/main [322ms]
2025-02-27 22:02:15.454 [info] > git check-ignore -v -z --stdin [12ms]
2025-02-27 22:02:15.455 [info] > git diff --name-status -z --diff-filter=ADMR 9b930447a88ae70b65a85c73152a32b52e5b0ca2...refs/remotes/origin/main [19ms]
2025-02-27 22:02:15.470 [info] > git status -z -uall [6ms]
2025-02-27 22:02:15.472 [info] > git for-each-ref --sort -committerdate --format %(refname) %(objectname) %(*objectname) [3ms]
2025-02-27 22:02:15.491 [info] > git config --get commit.template [11ms]
2025-02-27 22:02:15.510 [info] > git for-each-ref --format=%(refname)%00%(upstream:short)%00%(objectname)%00%(upstream:track)%00%(upstream:remotename)%00%(upstream:remoteref) refs/heads/main refs/remotes/main [12ms]
2025-02-27 22:02:15.511 [info] > git blame --root --incremental 9b930447a88ae70b65a85c73152a32b52e5b0ca2 -- /home/edouard/Developpez-le-front-end-en-utilisant-Angular/src/app/core/guards/auth.guard.ts [20ms]
2025-02-27 22:02:15.529 [info] > git status -z -uall [6ms]
2025-02-27 22:02:15.530 [info] > git for-each-ref --sort -committerdate --format %(refname) %(objectname) %(*objectname) [2ms]
2025-02-27 22:04:10.163 [info] > git config --get commit.template [11ms]
2025-02-27 22:04:10.163 [info] > git for-each-ref --format=%(refname)%00%(upstream:short)%00%(objectname)%00%(upstream:track)%00%(upstream:remotename)%00%(upstream:remoteref) refs/heads/main refs/remotes/main [1ms]
2025-02-27 22:04:10.185 [info] > git status -z -uall [10ms]
2025-02-27 22:04:10.186 [info] > git for-each-ref --sort -committerdate --format %(refname) %(objectname) %(*objectname) [2ms]
2025-02-27 22:04:18.098 [info] > git show --textconv :src/app/app-routing.module.ts [7ms]
2025-02-27 22:04:18.099 [info] > git ls-files --stage -- /home/edouard/Developpez-le-front-end-en-utilisant-Angular/src/app/app-routing.module.ts [1ms]
2025-02-27 22:04:18.109 [info] > git cat-file -s 8fb5bc9547769871fba83cfee9c0a210503c9ea7 [2ms]
2025-02-27 22:04:18.151 [info] > git blame --root --incremental 9b930447a88ae70b65a85c73152a32b52e5b0ca2 -- /home/edouard/Developpez-le-front-end-en-utilisant-Angular/src/app/app-routing.module.ts [26ms]
2025-02-27 22:05:54.731 [info] > git config --get commit.template [6ms]
2025-02-27 22:05:54.731 [info] > git for-each-ref --format=%(refname)%00%(upstream:short)%00%(objectname)%00%(upstream:track)%00%(upstream:remotename)%00%(upstream:remoteref) refs/heads/main refs/remotes/main [1ms]
2025-02-27 22:05:54.742 [info] > git status -z -uall [6ms]
2025-02-27 22:05:54.743 [info] > git for-each-ref --sort -committerdate --format %(refname) %(objectname) %(*objectname) [1ms]
2025-02-27 22:09:58.600 [info] > git config --get commit.template [7ms]
2025-02-27 22:09:58.600 [info] > git for-each-ref --format=%(refname)%00%(upstream:short)%00%(objectname)%00%(upstream:track)%00%(upstream:remotename)%00%(upstream:remoteref) refs/heads/main refs/remotes/main [1ms]
2025-02-27 22:09:58.614 [info] > git status -z -uall [9ms]
2025-02-27 22:09:58.615 [info] > git for-each-ref --sort -committerdate --format %(refname) %(objectname) %(*objectname) [2ms]
2025-02-27 22:13:11.719 [info] > git config --get commit.template [10ms]
2025-02-27 22:13:11.725 [info] > git for-each-ref --format=%(refname)%00%(upstream:short)%00%(objectname)%00%(upstream:track)%00%(upstream:remotename)%00%(upstream:remoteref) refs/heads/main refs/remotes/main [9ms]
2025-02-27 22:13:11.739 [info] > git status -z -uall [7ms]
2025-02-27 22:13:11.743 [info] > git for-each-ref --sort -committerdate --format %(refname) %(objectname) %(*objectname) [5ms]
2025-02-27 22:13:18.974 [info] > git check-ignore -v -z --stdin [2ms]
2025-02-27 22:13:22.358 [info] > git show --textconv :src/app/core/guards/auth.guard.ts [8ms]
2025-02-27 22:13:22.359 [info] > git ls-files --stage -- /home/edouard/Developpez-le-front-end-en-utilisant-Angular/src/app/core/guards/auth.guard.ts [4ms]
2025-02-27 22:13:22.365 [info] > git cat-file -s fcf8ae72e4964a7eefe9db0a234fdcd55d7b6c90 [1ms]
2025-02-27 22:15:27.629 [info] > git config --get commit.template [19ms]
2025-02-27 22:15:27.630 [info] > git for-each-ref --format=%(refname)%00%(upstream:short)%00%(objectname)%00%(upstream:track)%00%(upstream:remotename)%00%(upstream:remoteref) refs/heads/main refs/remotes/main [12ms]
2025-02-27 22:15:27.650 [info] > git status -z -uall [9ms]
2025-02-27 22:15:27.651 [info] > git ls-files --stage -- /home/edouard/Developpez-le-front-end-en-utilisant-Angular/src/app/core/guards/auth.guard.ts [23ms]
2025-02-27 22:15:27.658 [info] > git for-each-ref --sort -committerdate --format %(refname) %(objectname) %(*objectname) [9ms]
