2025-02-27 13:03:07.436 [info] [main] Log level: Info
2025-02-27 13:03:07.436 [info] [main] Validating found git in: "git"
2025-02-27 13:03:07.436 [info] [main] Using git "2.43.0" from "git"
2025-02-27 13:03:07.436 [info] [Model][doInitialScan] Initial repository scan started
2025-02-27 13:03:07.436 [info] > git rev-parse --show-toplevel [928ms]
2025-02-27 13:03:07.436 [info] > git rev-parse --git-dir --git-common-dir [27ms]
2025-02-27 13:03:07.436 [info] [Model][openRepository] Opened repository: /home/edouard/Developpez-le-front-end-en-utilisant-Angular
2025-02-27 13:03:07.503 [info] > git rev-parse --show-toplevel [52ms]
2025-02-27 13:03:07.504 [info] > git config --get commit.template [61ms]
2025-02-27 13:03:07.553 [info] > git rev-parse --show-toplevel [42ms]
2025-02-27 13:03:07.644 [info] > git for-each-ref --format=%(refname)%00%(upstream:short)%00%(objectname)%00%(upstream:track)%00%(upstream:remotename)%00%(upstream:remoteref) refs/heads/main refs/remotes/main [103ms]
2025-02-27 13:03:07.690 [info] > git rev-parse --show-toplevel [121ms]
2025-02-27 13:03:07.714 [info] > git rev-parse --show-toplevel [12ms]
2025-02-27 13:03:07.716 [info] [Model][doInitialScan] Initial repository scan completed - repositories (1), closed repositories (0), parent repositories (0), unsafe repositories (0)
2025-02-27 13:03:07.756 [info] > git status -z -uall [31ms]
2025-02-27 13:03:07.759 [info] > git for-each-ref --sort -committerdate --format %(refname) %(objectname) %(*objectname) [17ms]
2025-02-27 13:03:07.802 [info] > git for-each-ref --format=%(refname)%00%(upstream:short)%00%(objectname)%00%(upstream:track)%00%(upstream:remotename)%00%(upstream:remoteref) refs/heads/main refs/remotes/main [20ms]
2025-02-27 13:03:07.828 [info] > git config --get commit.template [30ms]
2025-02-27 13:03:07.831 [info] > git config --get --local branch.main.vscode-merge-base [19ms]
2025-02-27 13:03:07.850 [info] > git for-each-ref --format=%(refname)%00%(upstream:short)%00%(objectname)%00%(upstream:track)%00%(upstream:remotename)%00%(upstream:remoteref) refs/heads/origin/main refs/remotes/origin/main [8ms]
2025-02-27 13:03:07.883 [info] > git for-each-ref --format=%(refname)%00%(upstream:short)%00%(objectname)%00%(upstream:track)%00%(upstream:remotename)%00%(upstream:remoteref) refs/heads/main refs/remotes/main [35ms]
2025-02-27 13:03:07.887 [info] > git show --textconv :src/app/components/line-chart/line-chart.component.ts [15ms]
2025-02-27 13:03:07.888 [info] > git ls-files --stage -- /home/edouard/Developpez-le-front-end-en-utilisant-Angular/src/app/components/line-chart/line-chart.component.ts [8ms]
2025-02-27 13:03:07.894 [info] > git merge-base refs/heads/main refs/remotes/origin/main [32ms]
2025-02-27 13:03:08.261 [info] > git cat-file -s 4858d9c84f5295d6041b31248d3368104e6ff129 [367ms]
2025-02-27 13:03:08.278 [info] > git diff --name-status -z --diff-filter=ADMR 3e69806b928016a6fa7f2758915e5eb2c8f16b6f...refs/remotes/origin/main [377ms]
2025-02-27 13:03:08.294 [info] > git check-ignore -v -z --stdin [20ms]
2025-02-27 13:03:08.295 [info] > git status -z -uall [10ms]
2025-02-27 13:03:08.299 [info] > git for-each-ref --sort -committerdate --format %(refname) %(objectname) %(*objectname) [7ms]
2025-02-27 13:03:08.348 [info] > git blame --root --incremental 3e69806b928016a6fa7f2758915e5eb2c8f16b6f -- /home/edouard/Developpez-le-front-end-en-utilisant-Angular/src/app/components/line-chart/line-chart.component.ts [23ms]
2025-02-27 13:04:10.041 [info] > git show --textconv :src/app/components/pie-chart/pie-chart.component.ts [10ms]
2025-02-27 13:04:10.042 [info] > git ls-files --stage -- /home/edouard/Developpez-le-front-end-en-utilisant-Angular/src/app/components/pie-chart/pie-chart.component.ts [2ms]
2025-02-27 13:04:10.049 [info] > git cat-file -s 7914ef2643f2bd20488d6b717b96c08d9bb4811b [1ms]
2025-02-27 13:04:10.121 [info] > git blame --root --incremental 3e69806b928016a6fa7f2758915e5eb2c8f16b6f -- /home/edouard/Developpez-le-front-end-en-utilisant-Angular/src/app/components/pie-chart/pie-chart.component.ts [8ms]
2025-02-27 13:04:12.717 [info] > git show --textconv :src/app/components/line-chart/line-chart.component.html [6ms]
2025-02-27 13:04:12.718 [info] > git ls-files --stage -- /home/edouard/Developpez-le-front-end-en-utilisant-Angular/src/app/components/line-chart/line-chart.component.html [2ms]
2025-02-27 13:04:12.727 [info] > git cat-file -s 8d1347373a0e06a6bacfdd305c604852dbc5e732 [2ms]
2025-02-27 13:04:18.330 [info] > git check-ignore -v -z --stdin [2ms]
2025-02-27 13:04:19.406 [info] > git show --textconv :src/app/pages/country-detail/country-detail.component.html [6ms]
2025-02-27 13:04:19.407 [info] > git ls-files --stage -- /home/edouard/Developpez-le-front-end-en-utilisant-Angular/src/app/pages/country-detail/country-detail.component.html [2ms]
2025-02-27 13:04:19.414 [info] > git cat-file -s c20d7839458602f24c2c14a9a52d93fca253759d [2ms]
2025-02-27 13:04:19.455 [info] > git blame --root --incremental 3e69806b928016a6fa7f2758915e5eb2c8f16b6f -- /home/edouard/Developpez-le-front-end-en-utilisant-Angular/src/app/pages/country-detail/country-detail.component.html [28ms]
2025-02-27 13:04:27.081 [info] > git show --textconv :src/app/pages/home/home.component.html [8ms]
2025-02-27 13:04:27.082 [info] > git ls-files --stage -- /home/edouard/Developpez-le-front-end-en-utilisant-Angular/src/app/pages/home/home.component.html [3ms]
2025-02-27 13:04:27.089 [info] > git cat-file -s af6adea4b408a0fffd29db644dbc7ccf40138933 [2ms]
2025-02-27 13:04:27.108 [info] > git blame --root --incremental 3e69806b928016a6fa7f2758915e5eb2c8f16b6f -- /home/edouard/Developpez-le-front-end-en-utilisant-Angular/src/app/pages/home/home.component.html [5ms]
2025-02-27 13:04:39.656 [info] > git show --textconv :src/app/components/pie-chart/pie-chart.component.html [7ms]
2025-02-27 13:04:39.657 [info] > git ls-files --stage -- /home/edouard/Developpez-le-front-end-en-utilisant-Angular/src/app/components/pie-chart/pie-chart.component.html [1ms]
2025-02-27 13:04:39.664 [info] > git cat-file -s 43a2d766111626dfe4705787cbd0ef02e8e8bbc9 [2ms]
2025-02-27 13:04:39.681 [info] > git blame --root --incremental 3e69806b928016a6fa7f2758915e5eb2c8f16b6f -- /home/edouard/Developpez-le-front-end-en-utilisant-Angular/src/app/components/pie-chart/pie-chart.component.html [3ms]
2025-02-27 13:04:57.603 [info] > git show --textconv :src/app/pages/home/home.component.html [6ms]
2025-02-27 13:04:57.604 [info] > git ls-files --stage -- /home/edouard/Developpez-le-front-end-en-utilisant-Angular/src/app/pages/home/home.component.html [2ms]
2025-02-27 13:04:57.611 [info] > git cat-file -s af6adea4b408a0fffd29db644dbc7ccf40138933 [2ms]
2025-02-27 13:05:31.935 [info] > git show --textconv :src/app/components/pie-chart/pie-chart.component.ts [7ms]
2025-02-27 13:05:31.936 [info] > git ls-files --stage -- /home/edouard/Developpez-le-front-end-en-utilisant-Angular/src/app/components/pie-chart/pie-chart.component.ts [2ms]
2025-02-27 13:05:31.943 [info] > git cat-file -s 7914ef2643f2bd20488d6b717b96c08d9bb4811b [2ms]
2025-02-27 13:10:20.499 [info] > git config --get commit.template [7ms]
2025-02-27 13:10:20.500 [info] > git for-each-ref --format=%(refname)%00%(upstream:short)%00%(objectname)%00%(upstream:track)%00%(upstream:remotename)%00%(upstream:remoteref) refs/heads/main refs/remotes/main [1ms]
2025-02-27 13:10:20.516 [info] > git status -z -uall [9ms]
2025-02-27 13:10:20.517 [info] > git for-each-ref --sort -committerdate --format %(refname) %(objectname) %(*objectname) [2ms]
2025-02-27 13:12:05.704 [info] > git check-ignore -v -z --stdin [1ms]
2025-02-27 13:12:07.988 [info] > git show --textconv :src/app/pages/not-found/not-found.component.html [7ms]
2025-02-27 13:12:07.989 [info] > git ls-files --stage -- /home/edouard/Developpez-le-front-end-en-utilisant-Angular/src/app/pages/not-found/not-found.component.html [1ms]
2025-02-27 13:12:07.996 [info] > git cat-file -s 07af1c80257e8194bc64ec9478c1e93d090a671d [1ms]
2025-02-27 13:12:12.266 [info] > git show --textconv :src/app/pages/not-found/not-found.component.scss [8ms]
2025-02-27 13:12:12.267 [info] > git ls-files --stage -- /home/edouard/Developpez-le-front-end-en-utilisant-Angular/src/app/pages/not-found/not-found.component.scss [2ms]
2025-02-27 13:12:12.277 [info] > git cat-file -s e34118caa80dd56affd296b2f258d5c65cc49712 [1ms]
2025-02-27 13:12:13.096 [info] > git show --textconv :src/app/pages/not-found/not-found.component.spec.ts [6ms]
2025-02-27 13:12:13.097 [info] > git ls-files --stage -- /home/edouard/Developpez-le-front-end-en-utilisant-Angular/src/app/pages/not-found/not-found.component.spec.ts [2ms]
2025-02-27 13:12:13.106 [info] > git cat-file -s 4ab46fe2762e3c7a1844d4d07a79daa03b6db6c5 [1ms]
2025-02-27 13:12:14.310 [info] > git show --textconv :src/app/pages/not-found/not-found.component.ts [6ms]
2025-02-27 13:12:14.311 [info] > git ls-files --stage -- /home/edouard/Developpez-le-front-end-en-utilisant-Angular/src/app/pages/not-found/not-found.component.ts [2ms]
2025-02-27 13:12:14.319 [info] > git cat-file -s f70244f5682970412c8643c58673a6195cb96cc8 [1ms]
2025-02-27 13:12:14.342 [info] > git blame --root --incremental 3e69806b928016a6fa7f2758915e5eb2c8f16b6f -- /home/edouard/Developpez-le-front-end-en-utilisant-Angular/src/app/pages/not-found/not-found.component.ts [10ms]
2025-02-27 13:12:15.233 [info] > git show --textconv :src/app/pages/not-found/not-found.component.html [6ms]
2025-02-27 13:12:15.234 [info] > git ls-files --stage -- /home/edouard/Developpez-le-front-end-en-utilisant-Angular/src/app/pages/not-found/not-found.component.html [1ms]
2025-02-27 13:12:15.241 [info] > git cat-file -s 07af1c80257e8194bc64ec9478c1e93d090a671d [1ms]
2025-02-27 13:12:29.042 [info] > git show --textconv :src/app/pages/country-detail/country-detail.component.ts [6ms]
2025-02-27 13:12:29.042 [info] > git ls-files --stage -- /home/edouard/Developpez-le-front-end-en-utilisant-Angular/src/app/pages/country-detail/country-detail.component.ts [1ms]
2025-02-27 13:12:29.050 [info] > git cat-file -s 9dfb8be4827dac9ebf0f07eea193fd0770f648e3 [2ms]
2025-02-27 13:12:29.073 [info] > git blame --root --incremental 3e69806b928016a6fa7f2758915e5eb2c8f16b6f -- /home/edouard/Developpez-le-front-end-en-utilisant-Angular/src/app/pages/country-detail/country-detail.component.ts [7ms]
2025-02-27 13:12:31.871 [info] > git show --textconv :src/app/components/line-chart/line-chart.component.html [9ms]
2025-02-27 13:12:31.873 [info] > git ls-files --stage -- /home/edouard/Developpez-le-front-end-en-utilisant-Angular/src/app/components/line-chart/line-chart.component.html [2ms]
2025-02-27 13:12:31.881 [info] > git cat-file -s 8d1347373a0e06a6bacfdd305c604852dbc5e732 [1ms]
2025-02-27 13:12:34.076 [info] > git show --textconv :src/app/pages/country-detail/country-detail.component.html [7ms]
2025-02-27 13:12:34.076 [info] > git ls-files --stage -- /home/edouard/Developpez-le-front-end-en-utilisant-Angular/src/app/pages/country-detail/country-detail.component.html [1ms]
2025-02-27 13:12:34.085 [info] > git cat-file -s c20d7839458602f24c2c14a9a52d93fca253759d [2ms]
2025-02-27 13:12:35.215 [info] > git show --textconv :src/app/pages/country-detail/country-detail.component.ts [8ms]
2025-02-27 13:12:35.216 [info] > git ls-files --stage -- /home/edouard/Developpez-le-front-end-en-utilisant-Angular/src/app/pages/country-detail/country-detail.component.ts [2ms]
2025-02-27 13:12:35.224 [info] > git cat-file -s 9dfb8be4827dac9ebf0f07eea193fd0770f648e3 [2ms]
2025-02-27 13:12:49.739 [info] > git show --textconv :src/app/pages/home/home.component.ts [12ms]
2025-02-27 13:12:49.740 [info] > git ls-files --stage -- /home/edouard/Developpez-le-front-end-en-utilisant-Angular/src/app/pages/home/home.component.ts [3ms]
2025-02-27 13:12:49.749 [info] > git cat-file -s 0b026cba1b5c30c1b42e5780aa5e9042b2e93b7d [2ms]
2025-02-27 13:12:49.811 [info] > git blame --root --incremental 3e69806b928016a6fa7f2758915e5eb2c8f16b6f -- /home/edouard/Developpez-le-front-end-en-utilisant-Angular/src/app/pages/home/home.component.ts [9ms]
2025-02-27 13:12:56.586 [info] > git show --textconv :src/app/components/pie-chart/pie-chart.component.ts [8ms]
2025-02-27 13:12:56.587 [info] > git ls-files --stage -- /home/edouard/Developpez-le-front-end-en-utilisant-Angular/src/app/components/pie-chart/pie-chart.component.ts [1ms]
2025-02-27 13:12:56.598 [info] > git cat-file -s 7914ef2643f2bd20488d6b717b96c08d9bb4811b [3ms]
2025-02-27 13:13:20.818 [info] > git check-ignore -v -z --stdin [1ms]
2025-02-27 13:13:21.919 [info] > git check-ignore -v -z --stdin [1ms]
2025-02-27 13:13:24.003 [info] > git check-ignore -v -z --stdin [101ms]
2025-02-27 13:13:49.428 [info] > git show --textconv :src/app/components/line-chart/line-chart.component.ts [8ms]
2025-02-27 13:13:49.429 [info] > git ls-files --stage -- /home/edouard/Developpez-le-front-end-en-utilisant-Angular/src/app/components/line-chart/line-chart.component.ts [2ms]
2025-02-27 13:13:49.437 [info] > git cat-file -s 4858d9c84f5295d6041b31248d3368104e6ff129 [1ms]
2025-02-27 13:13:58.546 [info] > git show --textconv :src/app/pages/country-detail/country-detail.component.ts [8ms]
2025-02-27 13:13:58.546 [info] > git ls-files --stage -- /home/edouard/Developpez-le-front-end-en-utilisant-Angular/src/app/pages/country-detail/country-detail.component.ts [1ms]
2025-02-27 13:13:58.554 [info] > git cat-file -s 9dfb8be4827dac9ebf0f07eea193fd0770f648e3 [1ms]
2025-02-27 13:36:23.161 [info] > git check-ignore -v -z --stdin [15ms]
2025-02-27 13:36:24.457 [info] > git show --textconv :src/app/pages/not-found/not-found.component.ts [10ms]
2025-02-27 13:36:24.458 [info] > git ls-files --stage -- /home/edouard/Developpez-le-front-end-en-utilisant-Angular/src/app/pages/not-found/not-found.component.ts [1ms]
2025-02-27 13:36:24.464 [info] > git cat-file -s f70244f5682970412c8643c58673a6195cb96cc8 [1ms]
2025-02-27 13:36:29.056 [info] > git show --textconv :src/app/pages/not-found/not-found.component.scss [7ms]
2025-02-27 13:36:29.057 [info] > git ls-files --stage -- /home/edouard/Developpez-le-front-end-en-utilisant-Angular/src/app/pages/not-found/not-found.component.scss [3ms]
2025-02-27 13:36:29.065 [info] > git cat-file -s e34118caa80dd56affd296b2f258d5c65cc49712 [2ms]
2025-02-27 13:36:29.391 [info] > git show --textconv :src/app/pages/not-found/not-found.component.html [7ms]
2025-02-27 13:36:29.392 [info] > git ls-files --stage -- /home/edouard/Developpez-le-front-end-en-utilisant-Angular/src/app/pages/not-found/not-found.component.html [1ms]
2025-02-27 13:36:29.400 [info] > git cat-file -s 07af1c80257e8194bc64ec9478c1e93d090a671d [1ms]
2025-02-27 13:36:30.544 [info] > git blame --root --incremental 3e69806b928016a6fa7f2758915e5eb2c8f16b6f -- /home/edouard/Developpez-le-front-end-en-utilisant-Angular/src/app/pages/not-found/not-found.component.html [16ms]
2025-02-27 13:36:55.182 [info] > git show --textconv :src/app/pages/not-found/not-found.component.ts [8ms]
2025-02-27 13:36:55.183 [info] > git ls-files --stage -- /home/edouard/Developpez-le-front-end-en-utilisant-Angular/src/app/pages/not-found/not-found.component.ts [2ms]
2025-02-27 13:36:55.190 [info] > git cat-file -s f70244f5682970412c8643c58673a6195cb96cc8 [1ms]
2025-02-27 13:37:40.084 [info] > git show --textconv :src/app/components/pie-chart/pie-chart.component.ts [8ms]
2025-02-27 13:37:40.085 [info] > git ls-files --stage -- /home/edouard/Developpez-le-front-end-en-utilisant-Angular/src/app/components/pie-chart/pie-chart.component.ts [3ms]
2025-02-27 13:37:40.092 [info] > git cat-file -s 7914ef2643f2bd20488d6b717b96c08d9bb4811b [2ms]
2025-02-27 13:37:45.762 [info] > git show --textconv :src/app/components/pie-chart/pie-chart.component.html [5ms]
2025-02-27 13:37:45.763 [info] > git ls-files --stage -- /home/edouard/Developpez-le-front-end-en-utilisant-Angular/src/app/components/pie-chart/pie-chart.component.html [1ms]
2025-02-27 13:37:45.774 [info] > git cat-file -s 43a2d766111626dfe4705787cbd0ef02e8e8bbc9 [2ms]
2025-02-27 13:37:46.981 [info] > git show --textconv :src/app/components/line-chart/line-chart.component.html [8ms]
2025-02-27 13:37:46.982 [info] > git ls-files --stage -- /home/edouard/Developpez-le-front-end-en-utilisant-Angular/src/app/components/line-chart/line-chart.component.html [3ms]
2025-02-27 13:37:46.989 [info] > git cat-file -s 8d1347373a0e06a6bacfdd305c604852dbc5e732 [2ms]
2025-02-27 13:40:30.721 [info] > git show --textconv :src/app/app.module.ts [8ms]
2025-02-27 13:40:30.722 [info] > git ls-files --stage -- /home/edouard/Developpez-le-front-end-en-utilisant-Angular/src/app/app.module.ts [2ms]
2025-02-27 13:40:30.730 [info] > git cat-file -s 2892da98ac91a7edeaf0ed999596256cae15cdb8 [3ms]
2025-02-27 13:40:30.749 [info] > git blame --root --incremental 3e69806b928016a6fa7f2758915e5eb2c8f16b6f -- /home/edouard/Developpez-le-front-end-en-utilisant-Angular/src/app/app.module.ts [7ms]
2025-02-27 13:40:44.848 [info] > git check-ignore -v -z --stdin [11ms]
2025-02-27 13:40:47.472 [info] > git show --textconv :src/app/pages/not-found/not-found.component.ts [10ms]
2025-02-27 13:40:47.473 [info] > git ls-files --stage -- /home/edouard/Developpez-le-front-end-en-utilisant-Angular/src/app/pages/not-found/not-found.component.ts [4ms]
2025-02-27 13:40:47.480 [info] > git cat-file -s f70244f5682970412c8643c58673a6195cb96cc8 [1ms]
2025-02-27 13:41:17.453 [info] > git check-ignore -v -z --stdin [4ms]
2025-02-27 13:41:23.223 [info] > git show --textconv :src/app/app-routing.module.ts [9ms]
2025-02-27 13:41:23.224 [info] > git ls-files --stage -- /home/edouard/Developpez-le-front-end-en-utilisant-Angular/src/app/app-routing.module.ts [3ms]
2025-02-27 13:41:23.232 [info] > git cat-file -s 41b57eb5adb861a6146af3ffd2721bf8db8dfee9 [2ms]
2025-02-27 13:41:23.261 [info] > git blame --root --incremental 3e69806b928016a6fa7f2758915e5eb2c8f16b6f -- /home/edouard/Developpez-le-front-end-en-utilisant-Angular/src/app/app-routing.module.ts [15ms]
2025-02-27 13:41:59.421 [info] > git show --textconv :src/app/app.component.scss [8ms]
2025-02-27 13:41:59.423 [info] > git ls-files --stage -- /home/edouard/Developpez-le-front-end-en-utilisant-Angular/src/app/app.component.scss [3ms]
2025-02-27 13:41:59.433 [info] > git cat-file -s e69de29bb2d1d6434b8b29ae775ad8c2e48c5391 [3ms]
2025-02-27 13:42:01.438 [info] > git show --textconv :src/app/pages/not-found/not-found.component.ts [16ms]
2025-02-27 13:42:01.440 [info] > git ls-files --stage -- /home/edouard/Developpez-le-front-end-en-utilisant-Angular/src/app/pages/not-found/not-found.component.ts [9ms]
2025-02-27 13:42:01.448 [info] > git cat-file -s f70244f5682970412c8643c58673a6195cb96cc8 [2ms]
2025-02-27 13:42:01.944 [info] > git show --textconv :src/app/pages/not-found/not-found.component.html [8ms]
2025-02-27 13:42:01.946 [info] > git ls-files --stage -- /home/edouard/Developpez-le-front-end-en-utilisant-Angular/src/app/pages/not-found/not-found.component.html [3ms]
2025-02-27 13:42:01.954 [info] > git cat-file -s 07af1c80257e8194bc64ec9478c1e93d090a671d [3ms]
2025-02-27 13:43:53.299 [info] > git config --get commit.template [11ms]
2025-02-27 13:43:53.304 [info] > git for-each-ref --format=%(refname)%00%(upstream:short)%00%(objectname)%00%(upstream:track)%00%(upstream:remotename)%00%(upstream:remoteref) refs/heads/main refs/remotes/main [6ms]
2025-02-27 13:43:53.323 [info] > git status -z -uall [11ms]
2025-02-27 13:43:53.324 [info] > git for-each-ref --sort -committerdate --format %(refname) %(objectname) %(*objectname) [4ms]
2025-02-27 13:44:09.339 [info] > git config --get commit.template [8ms]
2025-02-27 13:44:09.340 [info] > git for-each-ref --format=%(refname)%00%(upstream:short)%00%(objectname)%00%(upstream:track)%00%(upstream:remotename)%00%(upstream:remoteref) refs/heads/main refs/remotes/main [2ms]
2025-02-27 13:44:09.354 [info] > git status -z -uall [8ms]
2025-02-27 13:44:09.356 [info] > git for-each-ref --sort -committerdate --format %(refname) %(objectname) %(*objectname) [3ms]
2025-02-27 13:45:36.448 [info] > git ls-files --stage -- /home/edouard/Developpez-le-front-end-en-utilisant-Angular/src/app/core/services/olympic.service.ts [5ms]
2025-02-27 13:45:36.458 [info] > git show --textconv :src/app/core/services/olympic.service.ts [21ms]
2025-02-27 13:45:36.461 [info] > git cat-file -s 4100edeb178d6295ef9a37ede2aed024443a560c [4ms]
2025-02-27 13:45:36.497 [info] > git blame --root --incremental 3e69806b928016a6fa7f2758915e5eb2c8f16b6f -- /home/edouard/Developpez-le-front-end-en-utilisant-Angular/src/app/core/services/olympic.service.ts [23ms]
2025-02-27 13:45:55.301 [info] > git show --textconv :src/app/core/guards [5ms]
2025-02-27 13:45:55.308 [info] > git ls-files --stage -- /home/edouard/Developpez-le-front-end-en-utilisant-Angular/src/app/core/guards [7ms]
2025-02-27 13:45:55.314 [info] > git hash-object -t tree /dev/null [7ms]
2025-02-27 13:45:55.314 [warning] [GitFileSystemProvider][readFile] File not found - git:/home/edouard/Developpez-le-front-end-en-utilisant-Angular/src/app/core/guards.git?%7B%22path%22%3A%22%2Fhome%2Fedouard%2FDeveloppez-le-front-end-en-utilisant-Angular%2Fsrc%2Fapp%2Fcore%2Fguards%22%2C%22ref%22%3A%22%22%7D
2025-02-27 13:45:55.340 [info] > git hash-object -t tree /dev/null [27ms]
2025-02-27 13:45:55.340 [warning] [GitFileSystemProvider][stat] File not found - git:/home/edouard/Developpez-le-front-end-en-utilisant-Angular/src/app/core/guards.git?%7B%22path%22%3A%22%2Fhome%2Fedouard%2FDeveloppez-le-front-end-en-utilisant-Angular%2Fsrc%2Fapp%2Fcore%2Fguards%22%2C%22ref%22%3A%22%22%7D
2025-02-27 13:45:55.592 [info] > git check-ignore -v -z --stdin [2ms]
2025-02-27 13:45:56.216 [info] > git config --get commit.template [7ms]
2025-02-27 13:45:56.219 [info] > git for-each-ref --format=%(refname)%00%(upstream:short)%00%(objectname)%00%(upstream:track)%00%(upstream:remotename)%00%(upstream:remoteref) refs/heads/main refs/remotes/main [4ms]
2025-02-27 13:45:56.232 [info] > git status -z -uall [7ms]
2025-02-27 13:45:56.234 [info] > git for-each-ref --sort -committerdate --format %(refname) %(objectname) %(*objectname) [3ms]
2025-02-27 13:46:00.950 [info] > git show --textconv :src/app/core/services/olympic.service.ts [11ms]
2025-02-27 13:46:00.953 [info] > git ls-files --stage -- /home/edouard/Developpez-le-front-end-en-utilisant-Angular/src/app/core/services/olympic.service.ts [7ms]
2025-02-27 13:46:00.963 [info] > git cat-file -s 4100edeb178d6295ef9a37ede2aed024443a560c [2ms]
2025-02-27 13:46:01.832 [info] > git config --get commit.template [10ms]
2025-02-27 13:46:01.833 [info] > git for-each-ref --format=%(refname)%00%(upstream:short)%00%(objectname)%00%(upstream:track)%00%(upstream:remotename)%00%(upstream:remoteref) refs/heads/main refs/remotes/main [2ms]
2025-02-27 13:46:01.849 [info] > git status -z -uall [9ms]
2025-02-27 13:46:01.852 [info] > git for-each-ref --sort -committerdate --format %(refname) %(objectname) %(*objectname) [4ms]
2025-02-27 13:46:06.939 [info] > git config --get commit.template [6ms]
2025-02-27 13:46:06.940 [info] > git for-each-ref --format=%(refname)%00%(upstream:short)%00%(objectname)%00%(upstream:track)%00%(upstream:remotename)%00%(upstream:remoteref) refs/heads/main refs/remotes/main [2ms]
2025-02-27 13:46:06.952 [info] > git status -z -uall [6ms]
2025-02-27 13:46:06.953 [info] > git for-each-ref --sort -committerdate --format %(refname) %(objectname) %(*objectname) [2ms]
2025-02-27 13:46:16.673 [info] > git show --textconv :src/app/core/guards/auth.guard.ts [8ms]
2025-02-27 13:46:16.674 [warning] [GitFileSystemProvider][readFile] File not found - git:/home/edouard/Developpez-le-front-end-en-utilisant-Angular/src/app/core/guards/auth.guard.ts.git?%7B%22path%22%3A%22%2Fhome%2Fedouard%2FDeveloppez-le-front-end-en-utilisant-Angular%2Fsrc%2Fapp%2Fcore%2Fguards%2Fauth.guard.ts%22%2C%22ref%22%3A%22%22%7D
2025-02-27 13:46:16.674 [info] > git ls-files --stage -- /home/edouard/Developpez-le-front-end-en-utilisant-Angular/src/app/core/guards/auth.guard.ts [3ms]
2025-02-27 13:46:16.674 [warning] [GitFileSystemProvider][stat] File not found - git:/home/edouard/Developpez-le-front-end-en-utilisant-Angular/src/app/core/guards/auth.guard.ts.git?%7B%22path%22%3A%22%2Fhome%2Fedouard%2FDeveloppez-le-front-end-en-utilisant-Angular%2Fsrc%2Fapp%2Fcore%2Fguards%2Fauth.guard.ts%22%2C%22ref%22%3A%22%22%7D
2025-02-27 13:46:16.954 [info] > git check-ignore -v -z --stdin [2ms]
2025-02-27 13:46:17.541 [info] > git config --get commit.template [9ms]
2025-02-27 13:46:17.542 [info] > git for-each-ref --format=%(refname)%00%(upstream:short)%00%(objectname)%00%(upstream:track)%00%(upstream:remotename)%00%(upstream:remoteref) refs/heads/main refs/remotes/main [2ms]
2025-02-27 13:46:17.558 [info] > git status -z -uall [8ms]
2025-02-27 13:46:17.560 [info] > git for-each-ref --sort -committerdate --format %(refname) %(objectname) %(*objectname) [3ms]
2025-02-27 13:46:36.155 [info] > git config --get commit.template [12ms]
2025-02-27 13:46:36.156 [info] > git for-each-ref --format=%(refname)%00%(upstream:short)%00%(objectname)%00%(upstream:track)%00%(upstream:remotename)%00%(upstream:remoteref) refs/heads/main refs/remotes/main [3ms]
2025-02-27 13:46:36.168 [info] > git status -z -uall [6ms]
2025-02-27 13:46:36.169 [info] > git for-each-ref --sort -committerdate --format %(refname) %(objectname) %(*objectname) [2ms]
2025-02-27 13:48:47.933 [info] > git config --get commit.template [9ms]
2025-02-27 13:48:47.939 [info] > git for-each-ref --format=%(refname)%00%(upstream:short)%00%(objectname)%00%(upstream:track)%00%(upstream:remotename)%00%(upstream:remoteref) refs/heads/main refs/remotes/main [8ms]
2025-02-27 13:48:47.952 [info] > git status -z -uall [6ms]
2025-02-27 13:48:47.953 [info] > git for-each-ref --sort -committerdate --format %(refname) %(objectname) %(*objectname) [3ms]
2025-02-27 13:48:50.013 [info] > git show --textconv :src/app/components/line-chart/line-chart.component.ts [8ms]
2025-02-27 13:48:50.014 [info] > git ls-files --stage -- /home/edouard/Developpez-le-front-end-en-utilisant-Angular/src/app/components/line-chart/line-chart.component.ts [1ms]
2025-02-27 13:48:50.021 [info] > git cat-file -s 4858d9c84f5295d6041b31248d3368104e6ff129 [1ms]
2025-02-27 13:49:01.061 [info] > git show --textconv :src/app/components/pie-chart/pie-chart.component.spec.ts [9ms]
2025-02-27 13:49:01.062 [info] > git ls-files --stage -- /home/edouard/Developpez-le-front-end-en-utilisant-Angular/src/app/components/pie-chart/pie-chart.component.spec.ts [4ms]
2025-02-27 13:49:01.069 [info] > git cat-file -s d9021211bdfba16b802eba4517e91711a505b41f [2ms]
2025-02-27 13:49:01.332 [info] > git show --textconv :src/app/components/pie-chart/pie-chart.component.ts [9ms]
2025-02-27 13:49:01.332 [info] > git ls-files --stage -- /home/edouard/Developpez-le-front-end-en-utilisant-Angular/src/app/components/pie-chart/pie-chart.component.ts [3ms]
2025-02-27 13:49:01.339 [info] > git cat-file -s 7914ef2643f2bd20488d6b717b96c08d9bb4811b [2ms]
2025-02-27 13:51:43.170 [info] > git config --get commit.template [13ms]
2025-02-27 13:51:43.177 [info] > git for-each-ref --format=%(refname)%00%(upstream:short)%00%(objectname)%00%(upstream:track)%00%(upstream:remotename)%00%(upstream:remoteref) refs/heads/main refs/remotes/main [8ms]
2025-02-27 13:51:43.195 [info] > git status -z -uall [10ms]
2025-02-27 13:51:43.198 [info] > git for-each-ref --sort -committerdate --format %(refname) %(objectname) %(*objectname) [4ms]
2025-02-27 13:52:51.662 [info] > git config --get commit.template [3ms]
2025-02-27 13:52:51.671 [info] > git for-each-ref --format=%(refname)%00%(upstream:short)%00%(objectname)%00%(upstream:track)%00%(upstream:remotename)%00%(upstream:remoteref) refs/heads/main refs/remotes/main [2ms]
2025-02-27 13:52:51.684 [info] > git status -z -uall [7ms]
2025-02-27 13:52:51.693 [info] > git for-each-ref --sort -committerdate --format %(refname) %(objectname) %(*objectname) [9ms]
2025-02-27 13:52:51.716 [info] > git merge-base refs/heads/main refs/remotes/origin/main [3ms]
2025-02-27 13:52:51.723 [info] > git blame --root --incremental 310d5b4a86ed537c1c75c0c038eb4c43cf33b465 -- /home/edouard/Developpez-le-front-end-en-utilisant-Angular/src/app/components/pie-chart/pie-chart.component.ts [16ms]
2025-02-27 13:52:51.724 [info] > git ls-files --stage -- /home/edouard/Developpez-le-front-end-en-utilisant-Angular/src/app/components/pie-chart/pie-chart.component.ts [32ms]
2025-02-27 13:52:51.733 [info] > git diff --name-status -z --diff-filter=ADMR 310d5b4a86ed537c1c75c0c038eb4c43cf33b465...refs/remotes/origin/main [10ms]
2025-02-27 13:52:51.736 [info] > git cat-file -s baeb3e3150c09e79306c862b694f1ff7ff954ca0 [4ms]
2025-02-27 13:52:51.797 [info] > git show --textconv :src/app/components/pie-chart/pie-chart.component.ts [1ms]
2025-02-27 13:52:53.454 [info] > git show --textconv :src/app/components/line-chart/line-chart.component.ts [7ms]
2025-02-27 13:52:53.454 [info] > git ls-files --stage -- /home/edouard/Developpez-le-front-end-en-utilisant-Angular/src/app/components/line-chart/line-chart.component.ts [1ms]
2025-02-27 13:52:53.461 [info] > git cat-file -s 4858d9c84f5295d6041b31248d3368104e6ff129 [2ms]
2025-02-27 13:52:53.521 [info] > git blame --root --incremental 310d5b4a86ed537c1c75c0c038eb4c43cf33b465 -- /home/edouard/Developpez-le-front-end-en-utilisant-Angular/src/app/components/line-chart/line-chart.component.ts [2ms]
2025-02-27 13:52:56.730 [info] > git config --get commit.template [9ms]
2025-02-27 13:52:56.731 [info] > git for-each-ref --format=%(refname)%00%(upstream:short)%00%(objectname)%00%(upstream:track)%00%(upstream:remotename)%00%(upstream:remoteref) refs/heads/main refs/remotes/main [1ms]
2025-02-27 13:52:56.751 [info] > git status -z -uall [7ms]
2025-02-27 13:52:56.752 [info] > git for-each-ref --sort -committerdate --format %(refname) %(objectname) %(*objectname) [2ms]
2025-02-27 13:53:06.283 [info] > git config --get commit.template [8ms]
2025-02-27 13:53:06.284 [info] > git for-each-ref --format=%(refname)%00%(upstream:short)%00%(objectname)%00%(upstream:track)%00%(upstream:remotename)%00%(upstream:remoteref) refs/heads/main refs/remotes/main [2ms]
2025-02-27 13:53:06.299 [info] > git status -z -uall [9ms]
2025-02-27 13:53:06.300 [info] > git for-each-ref --sort -committerdate --format %(refname) %(objectname) %(*objectname) [2ms]
2025-02-27 13:53:08.025 [info] > git show --textconv :src/app/components/line-chart/line-chart.component.html [9ms]
2025-02-27 13:53:08.025 [info] > git ls-files --stage -- /home/edouard/Developpez-le-front-end-en-utilisant-Angular/src/app/components/line-chart/line-chart.component.html [4ms]
2025-02-27 13:53:08.033 [info] > git cat-file -s 8d1347373a0e06a6bacfdd305c604852dbc5e732 [2ms]
2025-02-27 13:53:08.636 [info] > git blame --root --incremental 310d5b4a86ed537c1c75c0c038eb4c43cf33b465 -- /home/edouard/Developpez-le-front-end-en-utilisant-Angular/src/app/components/line-chart/line-chart.component.html [3ms]
2025-02-27 13:53:11.836 [info] > git config --get commit.template [7ms]
2025-02-27 13:53:11.837 [info] > git for-each-ref --format=%(refname)%00%(upstream:short)%00%(objectname)%00%(upstream:track)%00%(upstream:remotename)%00%(upstream:remoteref) refs/heads/main refs/remotes/main [1ms]
2025-02-27 13:53:11.852 [info] > git status -z -uall [7ms]
2025-02-27 13:53:11.853 [info] > git for-each-ref --sort -committerdate --format %(refname) %(objectname) %(*objectname) [1ms]
2025-02-27 13:53:24.120 [info] > git show --textconv :src/app/components/pie-chart/pie-chart.component.ts [7ms]
2025-02-27 13:53:24.121 [info] > git ls-files --stage -- /home/edouard/Developpez-le-front-end-en-utilisant-Angular/src/app/components/pie-chart/pie-chart.component.ts [1ms]
2025-02-27 13:53:24.128 [info] > git cat-file -s baeb3e3150c09e79306c862b694f1ff7ff954ca0 [2ms]
2025-02-27 13:53:27.006 [info] > git config --get commit.template [7ms]
2025-02-27 13:53:27.007 [info] > git for-each-ref --format=%(refname)%00%(upstream:short)%00%(objectname)%00%(upstream:track)%00%(upstream:remotename)%00%(upstream:remoteref) refs/heads/main refs/remotes/main [2ms]
2025-02-27 13:53:27.024 [info] > git status -z -uall [9ms]
2025-02-27 13:53:27.024 [info] > git for-each-ref --sort -committerdate --format %(refname) %(objectname) %(*objectname) [3ms]
2025-02-27 13:53:34.086 [info] > git show --textconv :src/app/components/pie-chart/pie-chart.component.html [7ms]
2025-02-27 13:53:34.086 [info] > git ls-files --stage -- /home/edouard/Developpez-le-front-end-en-utilisant-Angular/src/app/components/pie-chart/pie-chart.component.html [1ms]
2025-02-27 13:53:34.093 [info] > git cat-file -s 43a2d766111626dfe4705787cbd0ef02e8e8bbc9 [1ms]
2025-02-27 13:53:34.127 [info] > git blame --root --incremental 310d5b4a86ed537c1c75c0c038eb4c43cf33b465 -- /home/edouard/Developpez-le-front-end-en-utilisant-Angular/src/app/components/pie-chart/pie-chart.component.html [3ms]
2025-02-27 13:55:03.595 [info] > git config --get commit.template [9ms]
2025-02-27 13:55:03.597 [info] > git for-each-ref --format=%(refname)%00%(upstream:short)%00%(objectname)%00%(upstream:track)%00%(upstream:remotename)%00%(upstream:remoteref) refs/heads/main refs/remotes/main [2ms]
2025-02-27 13:55:03.610 [info] > git status -z -uall [6ms]
2025-02-27 13:55:03.612 [info] > git for-each-ref --sort -committerdate --format %(refname) %(objectname) %(*objectname) [1ms]
2025-02-27 13:55:07.839 [info] > git show --textconv :src/app/core/guards/auth.guard.ts [6ms]
2025-02-27 13:55:07.839 [info] > git ls-files --stage -- /home/edouard/Developpez-le-front-end-en-utilisant-Angular/src/app/core/guards/auth.guard.ts [1ms]
2025-02-27 13:55:07.847 [info] > git cat-file -s e9e0b5ea2c2a00c496a472662a262794ea965c67 [2ms]
2025-02-27 13:55:07.869 [info] > git blame --root --incremental 310d5b4a86ed537c1c75c0c038eb4c43cf33b465 -- /home/edouard/Developpez-le-front-end-en-utilisant-Angular/src/app/core/guards/auth.guard.ts [6ms]
2025-02-27 13:55:08.630 [info] > git config --get commit.template [7ms]
2025-02-27 13:55:08.632 [info] > git for-each-ref --format=%(refname)%00%(upstream:short)%00%(objectname)%00%(upstream:track)%00%(upstream:remotename)%00%(upstream:remoteref) refs/heads/main refs/remotes/main [3ms]
2025-02-27 13:55:08.646 [info] > git status -z -uall [8ms]
2025-02-27 13:55:08.647 [info] > git for-each-ref --sort -committerdate --format %(refname) %(objectname) %(*objectname) [2ms]
2025-02-27 14:54:43.059 [info] > git config --get commit.template [11ms]
2025-02-27 14:54:43.067 [info] > git for-each-ref --format=%(refname)%00%(upstream:short)%00%(objectname)%00%(upstream:track)%00%(upstream:remotename)%00%(upstream:remoteref) refs/heads/main refs/remotes/main [10ms]
2025-02-27 14:54:43.084 [info] > git status -z -uall [10ms]
2025-02-27 14:54:43.086 [info] > git for-each-ref --sort -committerdate --format %(refname) %(objectname) %(*objectname) [4ms]
2025-02-27 14:54:48.234 [info] > git config --get commit.template [1ms]
2025-02-27 14:54:48.241 [info] > git for-each-ref --format=%(refname)%00%(upstream:short)%00%(objectname)%00%(upstream:track)%00%(upstream:remotename)%00%(upstream:remoteref) refs/heads/main refs/remotes/main [1ms]
2025-02-27 14:54:48.253 [info] > git status -z -uall [5ms]
2025-02-27 14:54:48.254 [info] > git for-each-ref --sort -committerdate --format %(refname) %(objectname) %(*objectname) [1ms]
2025-02-27 14:55:02.096 [info] > git config --get commit.template [11ms]
2025-02-27 14:55:02.097 [info] > git for-each-ref --format=%(refname)%00%(upstream:short)%00%(objectname)%00%(upstream:track)%00%(upstream:remotename)%00%(upstream:remoteref) refs/heads/main refs/remotes/main [2ms]
2025-02-27 14:55:02.120 [info] > git status -z -uall [14ms]
2025-02-27 14:55:02.122 [info] > git for-each-ref --sort -committerdate --format %(refname) %(objectname) %(*objectname) [2ms]
2025-02-27 14:55:05.448 [info] > git show --textconv :src/app/app-routing.module.ts [13ms]
2025-02-27 14:55:05.449 [info] > git ls-files --stage -- /home/edouard/Developpez-le-front-end-en-utilisant-Angular/src/app/app-routing.module.ts [1ms]
2025-02-27 14:55:05.463 [info] > git cat-file -s 41b57eb5adb861a6146af3ffd2721bf8db8dfee9 [1ms]
2025-02-27 14:55:05.504 [info] > git blame --root --incremental 310d5b4a86ed537c1c75c0c038eb4c43cf33b465 -- /home/edouard/Developpez-le-front-end-en-utilisant-Angular/src/app/app-routing.module.ts [17ms]
2025-02-27 14:55:24.720 [info] > git config --get commit.template [11ms]
2025-02-27 14:55:24.721 [info] > git for-each-ref --format=%(refname)%00%(upstream:short)%00%(objectname)%00%(upstream:track)%00%(upstream:remotename)%00%(upstream:remoteref) refs/heads/main refs/remotes/main [3ms]
2025-02-27 14:55:24.738 [info] > git status -z -uall [8ms]
2025-02-27 14:55:24.739 [info] > git for-each-ref --sort -committerdate --format %(refname) %(objectname) %(*objectname) [2ms]
2025-02-27 14:58:44.814 [info] > git config --get commit.template [9ms]
2025-02-27 14:58:44.820 [info] > git for-each-ref --format=%(refname)%00%(upstream:short)%00%(objectname)%00%(upstream:track)%00%(upstream:remotename)%00%(upstream:remoteref) refs/heads/main refs/remotes/main [9ms]
2025-02-27 14:58:44.842 [info] > git status -z -uall [10ms]
2025-02-27 14:58:44.845 [info] > git for-each-ref --sort -committerdate --format %(refname) %(objectname) %(*objectname) [3ms]
2025-02-27 14:59:00.434 [info] > git show --textconv :src/app/core/guards/auth.guard.ts [6ms]
2025-02-27 14:59:00.434 [info] > git ls-files --stage -- /home/edouard/Developpez-le-front-end-en-utilisant-Angular/src/app/core/guards/auth.guard.ts [1ms]
2025-02-27 14:59:00.442 [info] > git cat-file -s e9e0b5ea2c2a00c496a472662a262794ea965c67 [2ms]
2025-02-27 14:59:47.945 [info] > git config --get commit.template [17ms]
2025-02-27 14:59:47.948 [info] > git for-each-ref --format=%(refname)%00%(upstream:short)%00%(objectname)%00%(upstream:track)%00%(upstream:remotename)%00%(upstream:remoteref) refs/heads/main refs/remotes/main [12ms]
2025-02-27 14:59:47.949 [info] > git ls-files --stage -- /home/edouard/Developpez-le-front-end-en-utilisant-Angular/src/app/core/guards/auth.guard.ts [4ms]
2025-02-27 14:59:47.967 [info] > git status -z -uall [7ms]
2025-02-27 14:59:47.967 [info] > git cat-file -s fcf8ae72e4964a7eefe9db0a234fdcd55d7b6c90 [13ms]
2025-02-27 14:59:47.968 [info] > git for-each-ref --sort -committerdate --format %(refname) %(objectname) %(*objectname) [2ms]
2025-02-27 14:59:47.986 [info] > git blame --root --incremental 9b930447a88ae70b65a85c73152a32b52e5b0ca2 -- /home/edouard/Developpez-le-front-end-en-utilisant-Angular/src/app/core/guards/auth.guard.ts [10ms]
2025-02-27 14:59:47.987 [info] > git merge-base refs/heads/main refs/remotes/origin/main [3ms]
2025-02-27 14:59:47.996 [info] > git diff --name-status -z --diff-filter=ADMR 9b930447a88ae70b65a85c73152a32b52e5b0ca2...refs/remotes/origin/main [2ms]
2025-02-27 14:59:48.006 [info] > git show --textconv :src/app/core/guards/auth.guard.ts [2ms]
