2025-03-03 20:43:47.292 [info] [main] Log level: Info
2025-03-03 20:43:47.292 [info] [main] Validating found git in: "git"
2025-03-03 20:43:47.292 [info] [main] Using git "2.43.0" from "git"
2025-03-03 20:43:47.292 [info] [Model][doInitialScan] Initial repository scan started
2025-03-03 20:43:47.293 [info] > git rev-parse --show-toplevel [28ms]
2025-03-03 20:43:47.296 [info] > git rev-parse --git-dir --git-common-dir [13ms]
2025-03-03 20:43:47.307 [info] [Model][openRepository] Opened repository: /home/edouard/projects/springsecurityauth
2025-03-03 20:43:47.416 [info] > git config --get commit.template [23ms]
2025-03-03 20:43:47.419 [info] > git rev-parse --show-toplevel [19ms]
2025-03-03 20:43:47.435 [info] > git rev-parse --show-toplevel [9ms]
2025-03-03 20:43:47.435 [info] > git for-each-ref --format=%(refname)%00%(upstream:short)%00%(objectname)%00%(upstream:track)%00%(upstream:remotename)%00%(upstream:remoteref) refs/heads/main refs/remotes/main [13ms]
2025-03-03 20:43:47.455 [info] > git rev-parse --show-toplevel [15ms]
2025-03-03 20:43:47.473 [info] > git status -z -uall [12ms]
2025-03-03 20:43:47.473 [info] > git rev-parse --show-toplevel [15ms]
2025-03-03 20:43:47.474 [info] > git for-each-ref --sort -committerdate --format %(refname) %(objectname) %(*objectname) [9ms]
2025-03-03 20:43:47.511 [info] > git for-each-ref --format=%(refname)%00%(upstream:short)%00%(objectname)%00%(upstream:track)%00%(upstream:remotename)%00%(upstream:remoteref) refs/heads/main refs/remotes/main [21ms]
2025-03-03 20:43:47.520 [info] > git config --get commit.template [21ms]
2025-03-03 20:43:47.520 [info] > git rev-parse --show-toplevel [25ms]
2025-03-03 20:43:47.521 [info] [Model][doInitialScan] Initial repository scan completed - repositories (1), closed repositories (0), parent repositories (0), unsafe repositories (0)
2025-03-03 20:43:47.523 [info] > git config --get --local branch.main.vscode-merge-base [9ms]
2025-03-03 20:43:47.523 [warning] [Git][config] git config failed: Failed to execute git
2025-03-03 20:43:47.538 [info] > git for-each-ref --format=%(refname)%00%(upstream:short)%00%(objectname)%00%(upstream:track)%00%(upstream:remotename)%00%(upstream:remoteref) refs/heads/main refs/remotes/main [2ms]
2025-03-03 20:43:47.538 [info] > git reflog main --grep-reflog=branch: Created from *. [12ms]
2025-03-03 20:43:47.548 [info] > git status -z -uall [3ms]
2025-03-03 20:43:47.549 [info] > git symbolic-ref --short refs/remotes/origin/HEAD [7ms]
2025-03-03 20:43:47.549 [info] fatal: ref refs/remotes/origin/HEAD is not a symbolic ref
2025-03-03 20:43:47.549 [warning] [Repository][getDefaultBranch] Failed to get default branch details: Failed to execute git.
2025-03-03 20:43:48.790 [info] > git for-each-ref --sort -committerdate --format %(refname) %(objectname) %(*objectname) [1243ms]
2025-03-03 20:43:49.354 [info] > git check-ignore -v -z --stdin [549ms]
2025-03-03 20:43:49.355 [info] > git merge-base refs/heads/main refs/remotes/origin/main [557ms]
2025-03-03 20:43:49.365 [info] > git merge-base refs/heads/main refs/remotes/origin/main [1813ms]
2025-03-03 20:43:49.381 [info] > git diff --name-status -z --diff-filter=ADMR 2eb501a7bedb61b351d96b9bed8dfe8226ab5914...refs/remotes/origin/main [9ms]
2025-03-03 20:43:49.383 [info] > git diff --name-status -z --diff-filter=ADMR 2eb501a7bedb61b351d96b9bed8dfe8226ab5914...refs/remotes/origin/main [18ms]
2025-03-03 20:43:49.548 [info] > git config --get commit.template [7ms]
2025-03-03 20:43:49.550 [info] > git for-each-ref --format=%(refname)%00%(upstream:short)%00%(objectname)%00%(upstream:track)%00%(upstream:remotename)%00%(upstream:remoteref) refs/heads/main refs/remotes/main [3ms]
2025-03-03 20:43:49.566 [info] > git status -z -uall [11ms]
2025-03-03 20:43:49.567 [info] > git for-each-ref --sort -committerdate --format %(refname) %(objectname) %(*objectname) [7ms]
2025-03-03 20:50:55.391 [info] > git show --textconv :pom.xml [13ms]
2025-03-03 20:50:55.392 [info] > git ls-files --stage -- /home/edouard/projects/springsecurityauth/pom.xml [11ms]
2025-03-03 20:50:55.399 [info] > git cat-file -s 0eae62bf0bb196c66d2584a08d9029c32cf426ad [1ms]
2025-03-03 20:50:59.818 [info] > git blame --root --incremental 2eb501a7bedb61b351d96b9bed8dfe8226ab5914 -- /home/edouard/projects/springsecurityauth/pom.xml [8ms]
2025-03-03 20:51:04.666 [info] > git config --get commit.template [1ms]
2025-03-03 20:51:04.675 [info] > git for-each-ref --format=%(refname)%00%(upstream:short)%00%(objectname)%00%(upstream:track)%00%(upstream:remotename)%00%(upstream:remoteref) refs/heads/main refs/remotes/main [1ms]
2025-03-03 20:51:04.684 [info] > git status -z -uall [5ms]
2025-03-03 20:51:04.685 [info] > git for-each-ref --sort -committerdate --format %(refname) %(objectname) %(*objectname) [2ms]
2025-03-03 20:54:20.042 [info] > git config --get commit.template [6ms]
2025-03-03 20:54:20.042 [info] > git for-each-ref --format=%(refname)%00%(upstream:short)%00%(objectname)%00%(upstream:track)%00%(upstream:remotename)%00%(upstream:remoteref) refs/heads/main refs/remotes/main [1ms]
2025-03-03 20:54:20.054 [info] > git status -z -uall [7ms]
2025-03-03 20:54:20.055 [info] > git for-each-ref --sort -committerdate --format %(refname) %(objectname) %(*objectname) [2ms]
2025-03-03 20:54:22.025 [info] > git check-ignore -v -z --stdin [2ms]
2025-03-03 20:54:22.688 [info] > git check-ignore -v -z --stdin [1ms]
2025-03-03 20:54:23.376 [info] > git check-ignore -v -z --stdin [1ms]
2025-03-03 20:54:25.072 [info] > git config --get commit.template [6ms]
2025-03-03 20:54:25.073 [info] > git for-each-ref --format=%(refname)%00%(upstream:short)%00%(objectname)%00%(upstream:track)%00%(upstream:remotename)%00%(upstream:remoteref) refs/heads/main refs/remotes/main [2ms]
2025-03-03 20:54:25.083 [info] > git status -z -uall [6ms]
2025-03-03 20:54:25.084 [info] > git for-each-ref --sort -committerdate --format %(refname) %(objectname) %(*objectname) [3ms]
2025-03-03 20:54:26.043 [info] > git check-ignore -v -z --stdin [1ms]
2025-03-03 20:54:27.090 [info] > git show --textconv :src/main/java/com/openclassrooms/springsecurityauth/model/Rental.java [8ms]
2025-03-03 20:54:27.091 [info] > git ls-files --stage -- /home/edouard/projects/springsecurityauth/src/main/java/com/openclassrooms/springsecurityauth/model/Rental.java [2ms]
2025-03-03 20:54:27.097 [info] > git cat-file -s b8c45ebc9548ae9843d3a7e31bb3e9a4036878d2 [1ms]
2025-03-03 20:54:27.309 [info] > git check-ignore -v -z --stdin [1ms]
2025-03-03 20:54:27.461 [info] > git blame --root --incremental 2eb501a7bedb61b351d96b9bed8dfe8226ab5914 -- /home/edouard/projects/springsecurityauth/src/main/java/com/openclassrooms/springsecurityauth/model/Rental.java [21ms]
2025-03-03 20:54:36.038 [info] > git config --get commit.template [5ms]
2025-03-03 20:54:36.039 [info] > git for-each-ref --format=%(refname)%00%(upstream:short)%00%(objectname)%00%(upstream:track)%00%(upstream:remotename)%00%(upstream:remoteref) refs/heads/main refs/remotes/main [2ms]
2025-03-03 20:54:36.048 [info] > git status -z -uall [4ms]
2025-03-03 20:54:36.050 [info] > git for-each-ref --sort -committerdate --format %(refname) %(objectname) %(*objectname) [2ms]
2025-03-03 20:55:48.712 [info] > git show --textconv :src/main/java/com/openclassrooms/springsecurityauth/model/RentalDTO.java [6ms]
2025-03-03 20:55:48.719 [info] > git ls-files --stage -- /home/edouard/projects/springsecurityauth/src/main/java/com/openclassrooms/springsecurityauth/model/RentalDTO.java [8ms]
2025-03-03 20:55:48.728 [info] > git hash-object -t tree /dev/null [10ms]
2025-03-03 20:55:48.728 [warning] [GitFileSystemProvider][readFile] File not found - git:/home/edouard/projects/springsecurityauth/src/main/java/com/openclassrooms/springsecurityauth/model/RentalDTO.java.git?%7B%22path%22%3A%22%2Fhome%2Fedouard%2Fprojects%2Fspringsecurityauth%2Fsrc%2Fmain%2Fjava%2Fcom%2Fopenclassrooms%2Fspringsecurityauth%2Fmodel%2FRentalDTO.java%22%2C%22ref%22%3A%22%22%7D
2025-03-03 20:55:48.743 [info] > git hash-object -t tree /dev/null [18ms]
2025-03-03 20:55:48.743 [warning] [GitFileSystemProvider][stat] File not found - git:/home/edouard/projects/springsecurityauth/src/main/java/com/openclassrooms/springsecurityauth/model/RentalDTO.java.git?%7B%22path%22%3A%22%2Fhome%2Fedouard%2Fprojects%2Fspringsecurityauth%2Fsrc%2Fmain%2Fjava%2Fcom%2Fopenclassrooms%2Fspringsecurityauth%2Fmodel%2FRentalDTO.java%22%2C%22ref%22%3A%22%22%7D
2025-03-03 20:55:48.988 [info] > git check-ignore -v -z --stdin [2ms]
2025-03-03 20:55:49.572 [info] > git config --get commit.template [8ms]
2025-03-03 20:55:49.573 [info] > git for-each-ref --format=%(refname)%00%(upstream:short)%00%(objectname)%00%(upstream:track)%00%(upstream:remotename)%00%(upstream:remoteref) refs/heads/main refs/remotes/main [2ms]
2025-03-03 20:55:49.584 [info] > git status -z -uall [5ms]
2025-03-03 20:55:49.585 [info] > git for-each-ref --sort -committerdate --format %(refname) %(objectname) %(*objectname) [2ms]
2025-03-03 20:56:21.388 [info] > git check-ignore -v -z --stdin [2ms]
2025-03-03 21:01:10.991 [info] > git show --textconv :src/main/java/com/openclassrooms/springsecurityauth/model/Rental.java [5ms]
2025-03-03 21:01:10.992 [info] > git ls-files --stage -- /home/edouard/projects/springsecurityauth/src/main/java/com/openclassrooms/springsecurityauth/model/Rental.java [1ms]
2025-03-03 21:01:10.998 [info] > git cat-file -s b8c45ebc9548ae9843d3a7e31bb3e9a4036878d2 [2ms]
2025-03-03 21:01:11.875 [info] > git config --get commit.template [7ms]
2025-03-03 21:01:11.876 [info] > git for-each-ref --format=%(refname)%00%(upstream:short)%00%(objectname)%00%(upstream:track)%00%(upstream:remotename)%00%(upstream:remoteref) refs/heads/main refs/remotes/main [3ms]
2025-03-03 21:01:11.885 [info] > git status -z -uall [5ms]
2025-03-03 21:01:11.886 [info] > git for-each-ref --sort -committerdate --format %(refname) %(objectname) %(*objectname) [2ms]
2025-03-03 21:01:47.908 [info] > git check-ignore -v -z --stdin [11ms]
2025-03-03 21:01:48.454 [info] > git config --get commit.template [2ms]
2025-03-03 21:01:48.466 [info] > git for-each-ref --format=%(refname)%00%(upstream:short)%00%(objectname)%00%(upstream:track)%00%(upstream:remotename)%00%(upstream:remoteref) refs/heads/main refs/remotes/main [6ms]
2025-03-03 21:01:48.477 [info] > git for-each-ref --sort -committerdate --format %(refname) %(objectname) %(*objectname) [3ms]
2025-03-03 21:01:48.479 [info] > git status -z -uall [9ms]
2025-03-03 21:03:00.934 [info] > git check-ignore -v -z --stdin [1ms]
2025-03-03 21:03:01.489 [info] > git config --get commit.template [1ms]
2025-03-03 21:03:01.494 [info] > git for-each-ref --format=%(refname)%00%(upstream:short)%00%(objectname)%00%(upstream:track)%00%(upstream:remotename)%00%(upstream:remoteref) refs/heads/main refs/remotes/main [2ms]
2025-03-03 21:03:01.504 [info] > git status -z -uall [5ms]
2025-03-03 21:03:01.504 [info] > git for-each-ref --sort -committerdate --format %(refname) %(objectname) %(*objectname) [2ms]
2025-03-03 21:03:25.500 [info] > git show --textconv :src/main/java/com/openclassrooms/springsecurityauth/mapper/RentalMapper.java [6ms]
2025-03-03 21:03:25.501 [warning] [GitFileSystemProvider][readFile] File not found - git:/home/edouard/projects/springsecurityauth/src/main/java/com/openclassrooms/springsecurityauth/mapper/RentalMapper.java.git?%7B%22path%22%3A%22%2Fhome%2Fedouard%2Fprojects%2Fspringsecurityauth%2Fsrc%2Fmain%2Fjava%2Fcom%2Fopenclassrooms%2Fspringsecurityauth%2Fmapper%2FRentalMapper.java%22%2C%22ref%22%3A%22%22%7D
2025-03-03 21:03:25.501 [info] > git ls-files --stage -- /home/edouard/projects/springsecurityauth/src/main/java/com/openclassrooms/springsecurityauth/mapper/RentalMapper.java [2ms]
2025-03-03 21:03:25.502 [warning] [GitFileSystemProvider][stat] File not found - git:/home/edouard/projects/springsecurityauth/src/main/java/com/openclassrooms/springsecurityauth/mapper/RentalMapper.java.git?%7B%22path%22%3A%22%2Fhome%2Fedouard%2Fprojects%2Fspringsecurityauth%2Fsrc%2Fmain%2Fjava%2Fcom%2Fopenclassrooms%2Fspringsecurityauth%2Fmapper%2FRentalMapper.java%22%2C%22ref%22%3A%22%22%7D
2025-03-03 21:03:25.746 [info] > git check-ignore -v -z --stdin [2ms]
2025-03-03 21:03:26.353 [info] > git config --get commit.template [9ms]
2025-03-03 21:03:26.354 [info] > git for-each-ref --format=%(refname)%00%(upstream:short)%00%(objectname)%00%(upstream:track)%00%(upstream:remotename)%00%(upstream:remoteref) refs/heads/main refs/remotes/main [2ms]
2025-03-03 21:03:26.372 [info] > git status -z -uall [12ms]
2025-03-03 21:03:26.372 [info] > git for-each-ref --sort -committerdate --format %(refname) %(objectname) %(*objectname) [5ms]
2025-03-03 21:03:31.390 [info] > git config --get commit.template [2ms]
2025-03-03 21:03:31.398 [info] > git for-each-ref --format=%(refname)%00%(upstream:short)%00%(objectname)%00%(upstream:track)%00%(upstream:remotename)%00%(upstream:remoteref) refs/heads/main refs/remotes/main [2ms]
2025-03-03 21:03:31.406 [info] > git status -z -uall [4ms]
2025-03-03 21:03:31.407 [info] > git for-each-ref --sort -committerdate --format %(refname) %(objectname) %(*objectname) [2ms]
2025-03-03 21:04:39.479 [info] > git show --textconv :src/main/java/com/openclassrooms/springsecurityauth/dto/RentalDTO.java [6ms]
2025-03-03 21:04:39.480 [warning] [GitFileSystemProvider][readFile] File not found - git:/home/edouard/projects/springsecurityauth/src/main/java/com/openclassrooms/springsecurityauth/dto/RentalDTO.java.git?%7B%22path%22%3A%22%2Fhome%2Fedouard%2Fprojects%2Fspringsecurityauth%2Fsrc%2Fmain%2Fjava%2Fcom%2Fopenclassrooms%2Fspringsecurityauth%2Fdto%2FRentalDTO.java%22%2C%22ref%22%3A%22%22%7D
2025-03-03 21:04:39.480 [info] > git ls-files --stage -- /home/edouard/projects/springsecurityauth/src/main/java/com/openclassrooms/springsecurityauth/dto/RentalDTO.java [2ms]
2025-03-03 21:04:39.481 [warning] [GitFileSystemProvider][stat] File not found - git:/home/edouard/projects/springsecurityauth/src/main/java/com/openclassrooms/springsecurityauth/dto/RentalDTO.java.git?%7B%22path%22%3A%22%2Fhome%2Fedouard%2Fprojects%2Fspringsecurityauth%2Fsrc%2Fmain%2Fjava%2Fcom%2Fopenclassrooms%2Fspringsecurityauth%2Fdto%2FRentalDTO.java%22%2C%22ref%22%3A%22%22%7D
2025-03-03 21:04:39.749 [info] > git check-ignore -v -z --stdin [2ms]
2025-03-03 21:04:40.326 [info] > git config --get commit.template [4ms]
2025-03-03 21:04:40.334 [info] > git for-each-ref --format=%(refname)%00%(upstream:short)%00%(objectname)%00%(upstream:track)%00%(upstream:remotename)%00%(upstream:remoteref) refs/heads/main refs/remotes/main [2ms]
2025-03-03 21:04:40.347 [info] > git status -z -uall [6ms]
2025-03-03 21:04:40.348 [info] > git for-each-ref --sort -committerdate --format %(refname) %(objectname) %(*objectname) [2ms]
2025-03-03 21:04:45.367 [info] > git config --get commit.template [6ms]
2025-03-03 21:04:45.368 [info] > git for-each-ref --format=%(refname)%00%(upstream:short)%00%(objectname)%00%(upstream:track)%00%(upstream:remotename)%00%(upstream:remoteref) refs/heads/main refs/remotes/main [1ms]
2025-03-03 21:04:45.379 [info] > git status -z -uall [6ms]
2025-03-03 21:04:45.380 [info] > git for-each-ref --sort -committerdate --format %(refname) %(objectname) %(*objectname) [2ms]
2025-03-03 21:05:15.602 [info] > git check-ignore -v -z --stdin [2ms]
2025-03-03 21:05:16.129 [info] > git show --textconv :src/main/java/com/openclassrooms/springsecurityauth/controller/AuthController.java [7ms]
2025-03-03 21:05:16.130 [info] > git ls-files --stage -- /home/edouard/projects/springsecurityauth/src/main/java/com/openclassrooms/springsecurityauth/controller/AuthController.java [2ms]
2025-03-03 21:05:16.139 [info] > git cat-file -s cbc9106820dfa73ca9de96eff7a1523fbc8889e7 [2ms]
2025-03-03 21:05:30.171 [info] > git blame --root --incremental 2eb501a7bedb61b351d96b9bed8dfe8226ab5914 -- /home/edouard/projects/springsecurityauth/src/main/java/com/openclassrooms/springsecurityauth/controller/AuthController.java [17ms]
2025-03-03 21:05:36.401 [info] > git config --get commit.template [6ms]
2025-03-03 21:05:36.402 [info] > git for-each-ref --format=%(refname)%00%(upstream:short)%00%(objectname)%00%(upstream:track)%00%(upstream:remotename)%00%(upstream:remoteref) refs/heads/main refs/remotes/main [2ms]
2025-03-03 21:05:36.417 [info] > git status -z -uall [8ms]
2025-03-03 21:05:36.418 [info] > git for-each-ref --sort -committerdate --format %(refname) %(objectname) %(*objectname) [2ms]
2025-03-03 21:06:07.832 [info] > git config --get commit.template [5ms]
2025-03-03 21:06:07.834 [info] > git for-each-ref --format=%(refname)%00%(upstream:short)%00%(objectname)%00%(upstream:track)%00%(upstream:remotename)%00%(upstream:remoteref) refs/heads/main refs/remotes/main [1ms]
2025-03-03 21:06:07.851 [info] > git status -z -uall [9ms]
2025-03-03 21:06:07.852 [info] > git for-each-ref --sort -committerdate --format %(refname) %(objectname) %(*objectname) [2ms]
2025-03-03 21:09:00.096 [info] > git show --textconv :src/main/java/com/openclassrooms/springsecurityauth/controller/RentalController.java [5ms]
2025-03-03 21:09:00.096 [info] > git ls-files --stage -- /home/edouard/projects/springsecurityauth/src/main/java/com/openclassrooms/springsecurityauth/controller/RentalController.java [1ms]
2025-03-03 21:09:00.103 [info] > git cat-file -s ecd6768d41c978ee89edded7518199ab4ff4e4f0 [1ms]
2025-03-03 21:13:51.713 [info] > git blame --root --incremental 2eb501a7bedb61b351d96b9bed8dfe8226ab5914 -- /home/edouard/projects/springsecurityauth/src/main/java/com/openclassrooms/springsecurityauth/controller/RentalController.java [9ms]
2025-03-03 21:13:51.715 [info] > git config --get commit.template [3ms]
2025-03-03 21:13:51.726 [info] > git for-each-ref --format=%(refname)%00%(upstream:short)%00%(objectname)%00%(upstream:track)%00%(upstream:remotename)%00%(upstream:remoteref) refs/heads/main refs/remotes/main [6ms]
2025-03-03 21:13:51.727 [info] > git ls-files --stage -- /home/edouard/projects/springsecurityauth/src/main/java/com/openclassrooms/springsecurityauth/controller/RentalController.java [2ms]
2025-03-03 21:13:51.734 [info] > git cat-file -s ecd6768d41c978ee89edded7518199ab4ff4e4f0 [3ms]
2025-03-03 21:13:51.784 [info] > git status -z -uall [44ms]
2025-03-03 21:13:51.785 [info] > git for-each-ref --sort -committerdate --format %(refname) %(objectname) %(*objectname) [40ms]
2025-03-03 21:13:51.802 [info] > git show --textconv :src/main/java/com/openclassrooms/springsecurityauth/controller/RentalController.java [18ms]
2025-03-03 21:13:51.802 [info] > git blame --root --incremental 61f7d0eac279f27e574c76f5680dc82b798c7dc6 -- /home/edouard/projects/springsecurityauth/src/main/java/com/openclassrooms/springsecurityauth/controller/RentalController.java [10ms]
2025-03-03 21:13:51.804 [info] > git merge-base refs/heads/main refs/remotes/origin/main [7ms]
2025-03-03 21:13:51.812 [info] > git diff --name-status -z --diff-filter=ADMR 61f7d0eac279f27e574c76f5680dc82b798c7dc6...refs/remotes/origin/main [3ms]
2025-03-03 21:13:56.813 [info] > git for-each-ref --format=%(refname)%00%(upstream:short)%00%(objectname)%00%(upstream:track)%00%(upstream:remotename)%00%(upstream:remoteref) refs/heads/main refs/remotes/main [4ms]
2025-03-03 21:13:56.813 [info] > git config --get commit.template [9ms]
2025-03-03 21:13:56.824 [info] > git status -z -uall [4ms]
2025-03-03 21:13:56.825 [info] > git for-each-ref --sort -committerdate --format %(refname) %(objectname) %(*objectname) [1ms]
2025-03-03 21:16:27.851 [info] > git check-ignore -v -z --stdin [11ms]
2025-03-03 21:16:45.617 [info] > git show --textconv :src/main/java/com/openclassrooms/springsecurityauth/configuration/ImageProperties.java [7ms]
2025-03-03 21:16:45.618 [warning] [GitFileSystemProvider][readFile] File not found - git:/home/edouard/projects/springsecurityauth/src/main/java/com/openclassrooms/springsecurityauth/configuration/ImageProperties.java.git?%7B%22path%22%3A%22%2Fhome%2Fedouard%2Fprojects%2Fspringsecurityauth%2Fsrc%2Fmain%2Fjava%2Fcom%2Fopenclassrooms%2Fspringsecurityauth%2Fconfiguration%2FImageProperties.java%22%2C%22ref%22%3A%22%22%7D
2025-03-03 21:16:45.618 [info] > git ls-files --stage -- /home/edouard/projects/springsecurityauth/src/main/java/com/openclassrooms/springsecurityauth/configuration/ImageProperties.java [3ms]
2025-03-03 21:16:45.618 [warning] [GitFileSystemProvider][stat] File not found - git:/home/edouard/projects/springsecurityauth/src/main/java/com/openclassrooms/springsecurityauth/configuration/ImageProperties.java.git?%7B%22path%22%3A%22%2Fhome%2Fedouard%2Fprojects%2Fspringsecurityauth%2Fsrc%2Fmain%2Fjava%2Fcom%2Fopenclassrooms%2Fspringsecurityauth%2Fconfiguration%2FImageProperties.java%22%2C%22ref%22%3A%22%22%7D
2025-03-03 21:16:45.896 [info] > git check-ignore -v -z --stdin [3ms]
2025-03-03 21:16:46.456 [info] > git config --get commit.template [5ms]
2025-03-03 21:16:46.461 [info] > git for-each-ref --format=%(refname)%00%(upstream:short)%00%(objectname)%00%(upstream:track)%00%(upstream:remotename)%00%(upstream:remoteref) refs/heads/main refs/remotes/main [5ms]
2025-03-03 21:16:46.473 [info] > git status -z -uall [7ms]
2025-03-03 21:16:46.474 [info] > git for-each-ref --sort -committerdate --format %(refname) %(objectname) %(*objectname) [3ms]
2025-03-03 21:16:53.605 [info] > git config --get commit.template [5ms]
2025-03-03 21:16:53.605 [info] > git for-each-ref --format=%(refname)%00%(upstream:short)%00%(objectname)%00%(upstream:track)%00%(upstream:remotename)%00%(upstream:remoteref) refs/heads/main refs/remotes/main [1ms]
2025-03-03 21:16:53.617 [info] > git status -z -uall [6ms]
2025-03-03 21:16:53.618 [info] > git for-each-ref --sort -committerdate --format %(refname) %(objectname) %(*objectname) [2ms]
2025-03-03 21:26:52.820 [info] > git show --textconv :src/main/java/com/openclassrooms/springsecurityauth/controller/RentalController.java [7ms]
2025-03-03 21:26:52.821 [info] > git ls-files --stage -- /home/edouard/projects/springsecurityauth/src/main/java/com/openclassrooms/springsecurityauth/controller/RentalController.java [2ms]
2025-03-03 21:26:52.832 [info] > git cat-file -s ecd6768d41c978ee89edded7518199ab4ff4e4f0 [2ms]
2025-03-03 21:26:57.359 [info] > git show --textconv :src/main/java/com/openclassrooms/springsecurityauth/model/Rental.java [5ms]
2025-03-03 21:26:57.360 [info] > git ls-files --stage -- /home/edouard/projects/springsecurityauth/src/main/java/com/openclassrooms/springsecurityauth/model/Rental.java [2ms]
2025-03-03 21:26:57.369 [info] > git cat-file -s 4aa7f45dc517868ed7362b40a613e5f263ed8ab5 [1ms]
2025-03-03 21:26:57.398 [info] > git blame --root --incremental 61f7d0eac279f27e574c76f5680dc82b798c7dc6 -- /home/edouard/projects/springsecurityauth/src/main/java/com/openclassrooms/springsecurityauth/model/Rental.java [17ms]
2025-03-03 21:27:44.939 [info] > git show --textconv :src/main/java/com/openclassrooms/springsecurityauth/controller/RentalController.java [5ms]
2025-03-03 21:27:44.942 [info] > git ls-files --stage -- /home/edouard/projects/springsecurityauth/src/main/java/com/openclassrooms/springsecurityauth/controller/RentalController.java [4ms]
2025-03-03 21:27:44.948 [info] > git cat-file -s ecd6768d41c978ee89edded7518199ab4ff4e4f0 [1ms]
2025-03-03 21:27:56.170 [info] > git show --textconv :src/main/java/com/openclassrooms/springsecurityauth/dto/RentalDTO.java [5ms]
2025-03-03 21:27:56.172 [info] > git ls-files --stage -- /home/edouard/projects/springsecurityauth/src/main/java/com/openclassrooms/springsecurityauth/dto/RentalDTO.java [3ms]
2025-03-03 21:27:56.177 [info] > git cat-file -s dadbc577d63bf98d0d5be2ccc6cf88edecfb6013 [2ms]
2025-03-03 21:27:56.191 [info] > git blame --root --incremental 61f7d0eac279f27e574c76f5680dc82b798c7dc6 -- /home/edouard/projects/springsecurityauth/src/main/java/com/openclassrooms/springsecurityauth/dto/RentalDTO.java [4ms]
2025-03-03 21:32:57.053 [info] > git show --textconv :src/main/resources/application.properties [6ms]
2025-03-03 21:32:57.054 [info] > git ls-files --stage -- /home/edouard/projects/springsecurityauth/src/main/resources/application.properties [1ms]
2025-03-03 21:32:57.063 [info] > git cat-file -s 8ed89e3d817373cd82fe24e76dc672694ba785a5 [2ms]
2025-03-03 21:32:59.072 [info] > git blame --root --incremental 61f7d0eac279f27e574c76f5680dc82b798c7dc6 -- /home/edouard/projects/springsecurityauth/src/main/resources/application.properties [9ms]
2025-03-03 21:33:03.176 [info] > git config --get commit.template [6ms]
2025-03-03 21:33:03.177 [info] > git for-each-ref --format=%(refname)%00%(upstream:short)%00%(objectname)%00%(upstream:track)%00%(upstream:remotename)%00%(upstream:remoteref) refs/heads/main refs/remotes/main [2ms]
2025-03-03 21:33:03.186 [info] > git status -z -uall [5ms]
2025-03-03 21:33:03.187 [info] > git for-each-ref --sort -committerdate --format %(refname) %(objectname) %(*objectname) [1ms]
2025-03-03 21:33:58.201 [info] > git show --textconv :src/main/java/com/openclassrooms/springsecurityauth/controller/RentalController.java [5ms]
2025-03-03 21:33:58.201 [info] > git ls-files --stage -- /home/edouard/projects/springsecurityauth/src/main/java/com/openclassrooms/springsecurityauth/controller/RentalController.java [1ms]
2025-03-03 21:33:58.207 [info] > git cat-file -s ecd6768d41c978ee89edded7518199ab4ff4e4f0 [1ms]
2025-03-03 21:34:08.642 [info] > git config --get commit.template [4ms]
2025-03-03 21:34:08.650 [info] > git for-each-ref --format=%(refname)%00%(upstream:short)%00%(objectname)%00%(upstream:track)%00%(upstream:remotename)%00%(upstream:remoteref) refs/heads/main refs/remotes/main [2ms]
2025-03-03 21:34:08.662 [info] > git status -z -uall [6ms]
2025-03-03 21:34:08.663 [info] > git for-each-ref --sort -committerdate --format %(refname) %(objectname) %(*objectname) [2ms]
2025-03-03 21:34:35.240 [info] > git config --get commit.template [2ms]
2025-03-03 21:34:35.247 [info] > git for-each-ref --format=%(refname)%00%(upstream:short)%00%(objectname)%00%(upstream:track)%00%(upstream:remotename)%00%(upstream:remoteref) refs/heads/main refs/remotes/main [3ms]
2025-03-03 21:34:35.259 [info] > git status -z -uall [6ms]
2025-03-03 21:34:35.260 [info] > git for-each-ref --sort -committerdate --format %(refname) %(objectname) %(*objectname) [2ms]
2025-03-03 21:36:02.313 [info] > git check-ignore -v -z --stdin [1ms]
2025-03-03 21:36:09.739 [info] > git show --textconv :src/main/java/com/openclassrooms/springsecurityauth/service/ImageService [5ms]
2025-03-03 21:36:09.740 [warning] [GitFileSystemProvider][readFile] File not found - git:/home/edouard/projects/springsecurityauth/src/main/java/com/openclassrooms/springsecurityauth/service/ImageService.git?%7B%22path%22%3A%22%2Fhome%2Fedouard%2Fprojects%2Fspringsecurityauth%2Fsrc%2Fmain%2Fjava%2Fcom%2Fopenclassrooms%2Fspringsecurityauth%2Fservice%2FImageService%22%2C%22ref%22%3A%22%22%7D
2025-03-03 21:36:09.741 [info] > git ls-files --stage -- /home/edouard/projects/springsecurityauth/src/main/java/com/openclassrooms/springsecurityauth/service/ImageService [2ms]
2025-03-03 21:36:09.741 [warning] [GitFileSystemProvider][stat] File not found - git:/home/edouard/projects/springsecurityauth/src/main/java/com/openclassrooms/springsecurityauth/service/ImageService.git?%7B%22path%22%3A%22%2Fhome%2Fedouard%2Fprojects%2Fspringsecurityauth%2Fsrc%2Fmain%2Fjava%2Fcom%2Fopenclassrooms%2Fspringsecurityauth%2Fservice%2FImageService%22%2C%22ref%22%3A%22%22%7D
2025-03-03 21:36:10.008 [info] > git check-ignore -v -z --stdin [2ms]
2025-03-03 21:36:10.574 [info] > git config --get commit.template [3ms]
2025-03-03 21:36:10.582 [info] > git for-each-ref --format=%(refname)%00%(upstream:short)%00%(objectname)%00%(upstream:track)%00%(upstream:remotename)%00%(upstream:remoteref) refs/heads/main refs/remotes/main [2ms]
2025-03-03 21:36:10.595 [info] > git status -z -uall [6ms]
2025-03-03 21:36:10.596 [info] > git for-each-ref --sort -committerdate --format %(refname) %(objectname) %(*objectname) [2ms]
2025-03-03 21:36:19.015 [info] > git show --textconv :src/main/java/com/openclassrooms/springsecurityauth/service/ImageService.java [7ms]
2025-03-03 21:36:19.016 [warning] [GitFileSystemProvider][readFile] File not found - git:/home/edouard/projects/springsecurityauth/src/main/java/com/openclassrooms/springsecurityauth/service/ImageService.java.git?%7B%22path%22%3A%22%2Fhome%2Fedouard%2Fprojects%2Fspringsecurityauth%2Fsrc%2Fmain%2Fjava%2Fcom%2Fopenclassrooms%2Fspringsecurityauth%2Fservice%2FImageService.java%22%2C%22ref%22%3A%22%22%7D
2025-03-03 21:36:19.016 [info] > git ls-files --stage -- /home/edouard/projects/springsecurityauth/src/main/java/com/openclassrooms/springsecurityauth/service/ImageService.java [1ms]
2025-03-03 21:36:19.017 [warning] [GitFileSystemProvider][stat] File not found - git:/home/edouard/projects/springsecurityauth/src/main/java/com/openclassrooms/springsecurityauth/service/ImageService.java.git?%7B%22path%22%3A%22%2Fhome%2Fedouard%2Fprojects%2Fspringsecurityauth%2Fsrc%2Fmain%2Fjava%2Fcom%2Fopenclassrooms%2Fspringsecurityauth%2Fservice%2FImageService.java%22%2C%22ref%22%3A%22%22%7D
2025-03-03 21:36:19.287 [info] > git check-ignore -v -z --stdin [1ms]
2025-03-03 21:36:19.797 [info] > git config --get commit.template [6ms]
2025-03-03 21:36:19.801 [info] > git for-each-ref --format=%(refname)%00%(upstream:short)%00%(objectname)%00%(upstream:track)%00%(upstream:remotename)%00%(upstream:remoteref) refs/heads/main refs/remotes/main [4ms]
2025-03-03 21:36:19.815 [info] > git status -z -uall [7ms]
2025-03-03 21:36:19.816 [info] > git for-each-ref --sort -committerdate --format %(refname) %(objectname) %(*objectname) [2ms]
2025-03-03 21:36:29.145 [info] > git config --get commit.template [6ms]
2025-03-03 21:36:29.146 [info] > git for-each-ref --format=%(refname)%00%(upstream:short)%00%(objectname)%00%(upstream:track)%00%(upstream:remotename)%00%(upstream:remoteref) refs/heads/main refs/remotes/main [2ms]
2025-03-03 21:36:29.159 [info] > git status -z -uall [7ms]
2025-03-03 21:36:29.160 [info] > git for-each-ref --sort -committerdate --format %(refname) %(objectname) %(*objectname) [1ms]
2025-03-03 21:37:52.174 [info] > git log --format=%H%n%aN%n%aE%n%at%n%ct%n%P%n%D%n%B -z --shortstat --diff-merges=first-parent -n50 --skip=0 --topo-order --decorate=full --stdin [90ms]
2025-03-03 21:49:45.135 [info] > git config --get commit.template [11ms]
2025-03-03 21:49:45.139 [info] > git for-each-ref --format=%(refname)%00%(upstream:short)%00%(objectname)%00%(upstream:track)%00%(upstream:remotename)%00%(upstream:remoteref) refs/heads/main refs/remotes/main [9ms]
2025-03-03 21:49:45.157 [info] > git for-each-ref --sort -committerdate --format %(refname) %(objectname) %(*objectname) [2ms]
2025-03-03 21:49:45.161 [info] > git status -z -uall [14ms]
2025-03-03 21:49:50.182 [info] > git config --get commit.template [5ms]
2025-03-03 21:49:50.183 [info] > git for-each-ref --format=%(refname)%00%(upstream:short)%00%(objectname)%00%(upstream:track)%00%(upstream:remotename)%00%(upstream:remoteref) refs/heads/main refs/remotes/main [1ms]
2025-03-03 21:49:50.193 [info] > git status -z -uall [5ms]
2025-03-03 21:49:50.194 [info] > git for-each-ref --sort -committerdate --format %(refname) %(objectname) %(*objectname) [1ms]
2025-03-03 21:50:06.636 [info] > git check-ignore -v -z --stdin [1ms]
2025-03-03 21:51:35.895 [info] > git log --format=%H%n%aN%n%aE%n%at%n%ct%n%P%n%D%n%B -z --shortstat --diff-merges=first-parent -n50 --skip=0 --topo-order --decorate=full --stdin [44ms]
2025-03-03 21:51:37.935 [info] > git show --textconv HEAD:src/main/resources/application.properties [10ms]
2025-03-03 21:51:37.936 [info] > git ls-tree -l HEAD -- /home/edouard/projects/springsecurityauth/src/main/resources/application.properties [5ms]
2025-03-03 21:51:38.544 [info] > git show --textconv HEAD:src/main/java/com/openclassrooms/springsecurityauth/controller/RentalController.java [12ms]
2025-03-03 21:51:38.545 [info] > git ls-tree -l HEAD -- /home/edouard/projects/springsecurityauth/src/main/java/com/openclassrooms/springsecurityauth/controller/RentalController.java [3ms]
2025-03-03 21:51:42.584 [info] > git ls-tree -l HEAD -- /home/edouard/projects/springsecurityauth/src/main/java/com/openclassrooms/springsecurityauth/controller/RentalController.java [3ms]
2025-03-03 21:51:44.875 [info] > git show --textconv HEAD:src/main/resources/application.properties [4ms]
2025-03-03 21:51:44.876 [info] > git ls-tree -l HEAD -- /home/edouard/projects/springsecurityauth/src/main/resources/application.properties [1ms]
2025-03-03 21:51:49.449 [info] > git show --textconv HEAD:src/main/java/com/openclassrooms/springsecurityauth/controller/RentalController.java [6ms]
2025-03-03 21:51:49.451 [info] > git ls-tree -l HEAD -- /home/edouard/projects/springsecurityauth/src/main/java/com/openclassrooms/springsecurityauth/controller/RentalController.java [3ms]
2025-03-03 21:51:53.345 [info] > git show --textconv HEAD:src/main/resources/application.properties [8ms]
2025-03-03 21:51:53.347 [info] > git ls-tree -l HEAD -- /home/edouard/projects/springsecurityauth/src/main/resources/application.properties [5ms]
2025-03-03 21:53:51.635 [info] > git show --textconv :src/main/java/com/openclassrooms/springsecurityauth/configuration/PasswordConfig.java [4ms]
2025-03-03 21:53:51.636 [info] > git ls-files --stage -- /home/edouard/projects/springsecurityauth/src/main/java/com/openclassrooms/springsecurityauth/configuration/PasswordConfig.java [1ms]
2025-03-03 21:53:51.641 [info] > git cat-file -s 3e2aeed2a88faf053f0615a919dabd1f3297fe32 [2ms]
2025-03-03 21:53:53.211 [info] > git show --textconv :src/main/java/com/openclassrooms/springsecurityauth/configuration/PasswordConfig.java [5ms]
2025-03-03 21:53:53.211 [info] > git ls-files --stage -- /home/edouard/projects/springsecurityauth/src/main/java/com/openclassrooms/springsecurityauth/configuration/PasswordConfig.java [1ms]
2025-03-03 21:53:53.217 [info] > git cat-file -s 3e2aeed2a88faf053f0615a919dabd1f3297fe32 [1ms]
2025-03-03 21:53:56.100 [info] > git show --textconv :src/main/java/com/openclassrooms/springsecurityauth/configuration/PasswordConfig.java [5ms]
2025-03-03 21:53:56.101 [info] > git ls-files --stage -- /home/edouard/projects/springsecurityauth/src/main/java/com/openclassrooms/springsecurityauth/configuration/PasswordConfig.java [1ms]
2025-03-03 21:53:56.108 [info] > git cat-file -s 3e2aeed2a88faf053f0615a919dabd1f3297fe32 [2ms]
2025-03-03 21:53:57.777 [info] > git show --textconv :src/main/java/com/openclassrooms/springsecurityauth/configuration/SecurityConfig.java [31ms]
2025-03-03 21:53:57.804 [info] > git ls-files --stage -- /home/edouard/projects/springsecurityauth/src/main/java/com/openclassrooms/springsecurityauth/configuration/SecurityConfig.java [34ms]
2025-03-03 21:53:57.837 [info] > git cat-file -s 7ea48f8fe017cc13bde7e97e76878c49f137a4f9 [27ms]
2025-03-03 21:53:59.555 [info] > git show --textconv :src/main/java/com/openclassrooms/springsecurityauth/configuration/SpringSecurityConfig.java [8ms]
2025-03-03 21:53:59.556 [info] > git ls-files --stage -- /home/edouard/projects/springsecurityauth/src/main/java/com/openclassrooms/springsecurityauth/configuration/SpringSecurityConfig.java [1ms]
2025-03-03 21:53:59.562 [info] > git cat-file -s 76d0c860986d528e175943a9835703602fff1869 [2ms]
2025-03-03 21:54:04.535 [info] > git show --textconv :src/main/java/com/openclassrooms/springsecurityauth/configuration/PasswordConfig.java [6ms]
2025-03-03 21:54:04.536 [info] > git ls-files --stage -- /home/edouard/projects/springsecurityauth/src/main/java/com/openclassrooms/springsecurityauth/configuration/PasswordConfig.java [2ms]
2025-03-03 21:54:04.543 [info] > git cat-file -s 3e2aeed2a88faf053f0615a919dabd1f3297fe32 [2ms]
2025-03-03 21:54:07.720 [info] > git blame --root --incremental 61f7d0eac279f27e574c76f5680dc82b798c7dc6 -- /home/edouard/projects/springsecurityauth/src/main/java/com/openclassrooms/springsecurityauth/configuration/PasswordConfig.java [2ms]
2025-03-03 21:54:13.529 [info] > git config --get commit.template [7ms]
2025-03-03 21:54:13.530 [info] > git for-each-ref --format=%(refname)%00%(upstream:short)%00%(objectname)%00%(upstream:track)%00%(upstream:remotename)%00%(upstream:remoteref) refs/heads/main refs/remotes/main [2ms]
2025-03-03 21:54:13.546 [info] > git status -z -uall [8ms]
2025-03-03 21:54:13.547 [info] > git for-each-ref --sort -committerdate --format %(refname) %(objectname) %(*objectname) [2ms]
2025-03-03 21:54:14.260 [info] > git show --textconv :src/main/java/com/openclassrooms/springsecurityauth/configuration/PasswordConfig.java [6ms]
2025-03-03 21:54:14.261 [info] > git ls-files --stage -- /home/edouard/projects/springsecurityauth/src/main/java/com/openclassrooms/springsecurityauth/configuration/PasswordConfig.java [2ms]
2025-03-03 21:54:14.268 [info] > git cat-file -s 3e2aeed2a88faf053f0615a919dabd1f3297fe32 [1ms]
2025-03-03 21:54:14.682 [info] > git show --textconv :src/main/java/com/openclassrooms/springsecurityauth/configuration/SecurityConfig.java [6ms]
2025-03-03 21:54:14.683 [info] > git ls-files --stage -- /home/edouard/projects/springsecurityauth/src/main/java/com/openclassrooms/springsecurityauth/configuration/SecurityConfig.java [2ms]
2025-03-03 21:54:14.690 [info] > git cat-file -s 7ea48f8fe017cc13bde7e97e76878c49f137a4f9 [1ms]
2025-03-03 21:54:16.553 [info] > git show --textconv :src/main/java/com/openclassrooms/springsecurityauth/configuration/SpringSecurityConfig.java [5ms]
2025-03-03 21:54:16.554 [info] > git ls-files --stage -- /home/edouard/projects/springsecurityauth/src/main/java/com/openclassrooms/springsecurityauth/configuration/SpringSecurityConfig.java [1ms]
2025-03-03 21:54:16.559 [info] > git cat-file -s 76d0c860986d528e175943a9835703602fff1869 [1ms]
2025-03-03 21:54:17.152 [info] > git blame --root --incremental 61f7d0eac279f27e574c76f5680dc82b798c7dc6 -- /home/edouard/projects/springsecurityauth/src/main/java/com/openclassrooms/springsecurityauth/configuration/SpringSecurityConfig.java [2ms]
2025-03-03 22:05:34.676 [info] > git config --get commit.template [9ms]
2025-03-03 22:05:34.680 [info] > git for-each-ref --format=%(refname)%00%(upstream:short)%00%(objectname)%00%(upstream:track)%00%(upstream:remotename)%00%(upstream:remoteref) refs/heads/main refs/remotes/main [7ms]
2025-03-03 22:05:34.696 [info] > git for-each-ref --sort -committerdate --format %(refname) %(objectname) %(*objectname) [3ms]
2025-03-03 22:05:34.700 [info] > git status -z -uall [13ms]
2025-03-03 22:09:05.828 [info] > git config --get commit.template [6ms]
2025-03-03 22:09:05.829 [info] > git for-each-ref --format=%(refname)%00%(upstream:short)%00%(objectname)%00%(upstream:track)%00%(upstream:remotename)%00%(upstream:remoteref) refs/heads/main refs/remotes/main [1ms]
2025-03-03 22:09:05.841 [info] > git status -z -uall [7ms]
2025-03-03 22:09:05.841 [info] > git for-each-ref --sort -committerdate --format %(refname) %(objectname) %(*objectname) [3ms]
2025-03-03 22:09:05.923 [info] > git log --format=%H%n%aN%n%aE%n%at%n%ct%n%P%n%D%n%B -z --shortstat --diff-merges=first-parent -n50 --skip=0 --topo-order --decorate=full --stdin [44ms]
2025-03-03 22:12:35.504 [info] > git add -A -- . [32ms]
2025-03-03 22:12:35.505 [info] warning: in the working copy of 'src/main/java/com/openclassrooms/springsecurityauth/controller/RentalController.java', LF will be replaced by CRLF the next time Git touches it
warning: in the working copy of 'src/main/resources/application.properties', LF will be replaced by CRLF the next time Git touches it
warning: in the working copy of 'src/main/java/com/openclassrooms/springsecurityauth/configuration/ImageProperties.java', LF will be replaced by CRLF the next time Git touches it
warning: in the working copy of 'src/main/java/com/openclassrooms/springsecurityauth/service/ImageService.java', LF will be replaced by CRLF the next time Git touches it
2025-03-03 22:12:35.537 [info] > git -c user.useConfigOnly=true commit --quiet --allow-empty-message --file - [28ms]
2025-03-03 22:12:35.545 [info] > git config --get commit.template [1ms]
2025-03-03 22:12:35.580 [info] > git config --get commit.template [9ms]
2025-03-03 22:12:35.595 [info] > git for-each-ref --format=%(refname)%00%(upstream:short)%00%(objectname)%00%(upstream:track)%00%(upstream:remotename)%00%(upstream:remoteref) refs/heads/main refs/remotes/main [6ms]
2025-03-03 22:12:35.608 [info] > git status -z -uall [7ms]
2025-03-03 22:12:35.609 [info] > git for-each-ref --sort -committerdate --format %(refname) %(objectname) %(*objectname) [3ms]
2025-03-03 22:12:35.627 [info] > git merge-base refs/heads/main refs/remotes/origin/main [4ms]
2025-03-03 22:12:35.633 [info] > git blame --root --incremental 934a5846341a9d9a91c30889051983101d86a172 -- /home/edouard/projects/springsecurityauth/src/main/java/com/openclassrooms/springsecurityauth/configuration/SpringSecurityConfig.java [16ms]
2025-03-03 22:12:35.634 [info] > git diff --name-status -z --diff-filter=ADMR 61f7d0eac279f27e574c76f5680dc82b798c7dc6...refs/remotes/origin/main [2ms]
2025-03-03 22:12:35.682 [info] > git config --get commit.template [5ms]
2025-03-03 22:12:35.682 [info] > git log --format=%H%n%aN%n%aE%n%at%n%ct%n%P%n%D%n%B -z --shortstat --diff-merges=first-parent -n50 --skip=0 --topo-order --decorate=full --stdin [31ms]
2025-03-03 22:12:35.684 [info] > git for-each-ref --format=%(refname)%00%(upstream:short)%00%(objectname)%00%(upstream:track)%00%(upstream:remotename)%00%(upstream:remoteref) refs/heads/main refs/remotes/main [3ms]
2025-03-03 22:12:35.696 [info] > git status -z -uall [6ms]
2025-03-03 22:12:35.697 [info] > git for-each-ref --sort -committerdate --format %(refname) %(objectname) %(*objectname) [2ms]
2025-03-03 22:12:36.787 [info] > git ls-files --stage -- /home/edouard/projects/springsecurityauth/src/main/java/com/openclassrooms/springsecurityauth/configuration/SpringSecurityConfig.java [2ms]
2025-03-03 22:12:36.792 [info] > git cat-file -s 76d0c860986d528e175943a9835703602fff1869 [2ms]
2025-03-03 22:12:36.811 [info] > git show --textconv :src/main/java/com/openclassrooms/springsecurityauth/configuration/SpringSecurityConfig.java [2ms]
2025-03-03 22:12:37.789 [info] > git config --get commit.template [3ms]
2025-03-03 22:12:37.798 [info] > git for-each-ref --format=%(refname)%00%(upstream:short)%00%(objectname)%00%(upstream:track)%00%(upstream:remotename)%00%(upstream:remoteref) refs/heads/main refs/remotes/main [3ms]
2025-03-03 22:12:37.818 [info] > git status -z -uall [9ms]
2025-03-03 22:12:37.819 [info] > git for-each-ref --sort -committerdate --format %(refname) %(objectname) %(*objectname) [2ms]
2025-03-03 22:13:23.796 [info] > git show --textconv :src/main/java/com/openclassrooms/springsecurityauth/model/User.java [5ms]
2025-03-03 22:13:23.797 [info] > git ls-files --stage -- /home/edouard/projects/springsecurityauth/src/main/java/com/openclassrooms/springsecurityauth/model/User.java [2ms]
2025-03-03 22:13:23.804 [info] > git cat-file -s 828c0ec53eb2c407ac6f215c676e13e8686ae372 [1ms]
2025-03-03 22:13:32.026 [info] > git blame --root --incremental 934a5846341a9d9a91c30889051983101d86a172 -- /home/edouard/projects/springsecurityauth/src/main/java/com/openclassrooms/springsecurityauth/model/User.java [10ms]
2025-03-03 22:13:35.006 [info] > git config --get commit.template [5ms]
2025-03-03 22:13:35.008 [info] > git for-each-ref --format=%(refname)%00%(upstream:short)%00%(objectname)%00%(upstream:track)%00%(upstream:remotename)%00%(upstream:remoteref) refs/heads/main refs/remotes/main [2ms]
2025-03-03 22:13:35.018 [info] > git status -z -uall [5ms]
2025-03-03 22:13:35.019 [info] > git for-each-ref --sort -committerdate --format %(refname) %(objectname) %(*objectname) [1ms]
2025-03-03 22:13:51.357 [info] > git show --textconv :src/main/java/com/openclassrooms/springsecurityauth/dto/UserDTO.java [7ms]
2025-03-03 22:13:51.358 [warning] [GitFileSystemProvider][readFile] File not found - git:/home/edouard/projects/springsecurityauth/src/main/java/com/openclassrooms/springsecurityauth/dto/UserDTO.java.git?%7B%22path%22%3A%22%2Fhome%2Fedouard%2Fprojects%2Fspringsecurityauth%2Fsrc%2Fmain%2Fjava%2Fcom%2Fopenclassrooms%2Fspringsecurityauth%2Fdto%2FUserDTO.java%22%2C%22ref%22%3A%22%22%7D
2025-03-03 22:13:51.360 [info] > git ls-files --stage -- /home/edouard/projects/springsecurityauth/src/main/java/com/openclassrooms/springsecurityauth/dto/UserDTO.java [4ms]
2025-03-03 22:13:51.360 [warning] [GitFileSystemProvider][stat] File not found - git:/home/edouard/projects/springsecurityauth/src/main/java/com/openclassrooms/springsecurityauth/dto/UserDTO.java.git?%7B%22path%22%3A%22%2Fhome%2Fedouard%2Fprojects%2Fspringsecurityauth%2Fsrc%2Fmain%2Fjava%2Fcom%2Fopenclassrooms%2Fspringsecurityauth%2Fdto%2FUserDTO.java%22%2C%22ref%22%3A%22%22%7D
2025-03-03 22:13:51.643 [info] > git check-ignore -v -z --stdin [2ms]
2025-03-03 22:13:52.216 [info] > git config --get commit.template [6ms]
2025-03-03 22:13:52.218 [info] > git for-each-ref --format=%(refname)%00%(upstream:short)%00%(objectname)%00%(upstream:track)%00%(upstream:remotename)%00%(upstream:remoteref) refs/heads/main refs/remotes/main [2ms]
2025-03-03 22:13:52.230 [info] > git status -z -uall [6ms]
2025-03-03 22:13:52.232 [info] > git for-each-ref --sort -committerdate --format %(refname) %(objectname) %(*objectname) [2ms]
2025-03-03 22:13:57.247 [info] > git config --get commit.template [4ms]
2025-03-03 22:13:57.256 [info] > git for-each-ref --format=%(refname)%00%(upstream:short)%00%(objectname)%00%(upstream:track)%00%(upstream:remotename)%00%(upstream:remoteref) refs/heads/main refs/remotes/main [1ms]
2025-03-03 22:13:57.269 [info] > git status -z -uall [6ms]
2025-03-03 22:13:57.269 [info] > git for-each-ref --sort -committerdate --format %(refname) %(objectname) %(*objectname) [1ms]
2025-03-03 22:14:02.287 [info] > git config --get commit.template [7ms]
2025-03-03 22:14:02.288 [info] > git for-each-ref --format=%(refname)%00%(upstream:short)%00%(objectname)%00%(upstream:track)%00%(upstream:remotename)%00%(upstream:remoteref) refs/heads/main refs/remotes/main [2ms]
2025-03-03 22:14:02.301 [info] > git status -z -uall [5ms]
2025-03-03 22:14:02.303 [info] > git for-each-ref --sort -committerdate --format %(refname) %(objectname) %(*objectname) [2ms]
2025-03-03 22:14:17.521 [info] > git show --textconv :src/main/java/com/openclassrooms/springsecurityauth/mapper/UserMapper.java [7ms]
2025-03-03 22:14:17.521 [warning] [GitFileSystemProvider][readFile] File not found - git:/home/edouard/projects/springsecurityauth/src/main/java/com/openclassrooms/springsecurityauth/mapper/UserMapper.java.git?%7B%22path%22%3A%22%2Fhome%2Fedouard%2Fprojects%2Fspringsecurityauth%2Fsrc%2Fmain%2Fjava%2Fcom%2Fopenclassrooms%2Fspringsecurityauth%2Fmapper%2FUserMapper.java%22%2C%22ref%22%3A%22%22%7D
2025-03-03 22:14:17.522 [info] > git ls-files --stage -- /home/edouard/projects/springsecurityauth/src/main/java/com/openclassrooms/springsecurityauth/mapper/UserMapper.java [2ms]
2025-03-03 22:14:17.523 [warning] [GitFileSystemProvider][stat] File not found - git:/home/edouard/projects/springsecurityauth/src/main/java/com/openclassrooms/springsecurityauth/mapper/UserMapper.java.git?%7B%22path%22%3A%22%2Fhome%2Fedouard%2Fprojects%2Fspringsecurityauth%2Fsrc%2Fmain%2Fjava%2Fcom%2Fopenclassrooms%2Fspringsecurityauth%2Fmapper%2FUserMapper.java%22%2C%22ref%22%3A%22%22%7D
2025-03-03 22:14:17.783 [info] > git check-ignore -v -z --stdin [2ms]
2025-03-03 22:14:18.361 [info] > git config --get commit.template [7ms]
2025-03-03 22:14:18.363 [info] > git for-each-ref --format=%(refname)%00%(upstream:short)%00%(objectname)%00%(upstream:track)%00%(upstream:remotename)%00%(upstream:remoteref) refs/heads/main refs/remotes/main [3ms]
2025-03-03 22:14:18.377 [info] > git status -z -uall [8ms]
2025-03-03 22:14:18.378 [info] > git for-each-ref --sort -committerdate --format %(refname) %(objectname) %(*objectname) [3ms]
2025-03-03 22:14:23.392 [info] > git config --get commit.template [2ms]
2025-03-03 22:14:23.437 [info] > git for-each-ref --format=%(refname)%00%(upstream:short)%00%(objectname)%00%(upstream:track)%00%(upstream:remotename)%00%(upstream:remoteref) refs/heads/main refs/remotes/main [3ms]
2025-03-03 22:14:23.453 [info] > git status -z -uall [8ms]
2025-03-03 22:14:23.457 [info] > git for-each-ref --sort -committerdate --format %(refname) %(objectname) %(*objectname) [4ms]
2025-03-03 22:14:34.477 [info] > git show --textconv :src/main/java/com/openclassrooms/springsecurityauth/service/UserService.java [6ms]
2025-03-03 22:14:34.477 [info] > git ls-files --stage -- /home/edouard/projects/springsecurityauth/src/main/java/com/openclassrooms/springsecurityauth/service/UserService.java [1ms]
2025-03-03 22:14:34.487 [info] > git cat-file -s 95644c9c173eaa0db6c0b0ee494e590c5fe23e80 [3ms]
2025-03-03 22:14:40.891 [info] > git blame --root --incremental 934a5846341a9d9a91c30889051983101d86a172 -- /home/edouard/projects/springsecurityauth/src/main/java/com/openclassrooms/springsecurityauth/service/UserService.java [4ms]
2025-03-03 22:14:49.307 [info] > git config --get commit.template [5ms]
2025-03-03 22:14:49.309 [info] > git for-each-ref --format=%(refname)%00%(upstream:short)%00%(objectname)%00%(upstream:track)%00%(upstream:remotename)%00%(upstream:remoteref) refs/heads/main refs/remotes/main [2ms]
2025-03-03 22:14:49.320 [info] > git status -z -uall [6ms]
2025-03-03 22:14:49.321 [info] > git for-each-ref --sort -committerdate --format %(refname) %(objectname) %(*objectname) [2ms]
2025-03-03 22:14:54.881 [info] > git show --textconv :src/main/java/com/openclassrooms/springsecurityauth/controller/AuthController.java [7ms]
2025-03-03 22:14:54.882 [info] > git ls-files --stage -- /home/edouard/projects/springsecurityauth/src/main/java/com/openclassrooms/springsecurityauth/controller/AuthController.java [2ms]
2025-03-03 22:14:54.889 [info] > git cat-file -s 6a30ce1bbbd01bb0d741ccfa1f46eb1594f9c796 [2ms]
2025-03-03 22:14:54.955 [info] > git blame --root --incremental 934a5846341a9d9a91c30889051983101d86a172 -- /home/edouard/projects/springsecurityauth/src/main/java/com/openclassrooms/springsecurityauth/controller/AuthController.java [4ms]
2025-03-03 22:15:07.128 [info] > git config --get commit.template [5ms]
2025-03-03 22:15:07.129 [info] > git for-each-ref --format=%(refname)%00%(upstream:short)%00%(objectname)%00%(upstream:track)%00%(upstream:remotename)%00%(upstream:remoteref) refs/heads/main refs/remotes/main [2ms]
2025-03-03 22:15:07.144 [info] > git status -z -uall [8ms]
2025-03-03 22:15:07.144 [info] > git for-each-ref --sort -committerdate --format %(refname) %(objectname) %(*objectname) [3ms]
2025-03-03 22:15:12.162 [info] > git config --get commit.template [7ms]
2025-03-03 22:15:12.164 [info] > git for-each-ref --format=%(refname)%00%(upstream:short)%00%(objectname)%00%(upstream:track)%00%(upstream:remotename)%00%(upstream:remoteref) refs/heads/main refs/remotes/main [2ms]
2025-03-03 22:15:12.177 [info] > git status -z -uall [6ms]
2025-03-03 22:15:12.177 [info] > git for-each-ref --sort -committerdate --format %(refname) %(objectname) %(*objectname) [2ms]
2025-03-03 22:15:17.912 [info] > git log --format=%H%n%aN%n%aE%n%at%n%ct%n%P%n%D%n%B -z --shortstat --diff-merges=first-parent -n50 --skip=0 --topo-order --decorate=full --stdin [10ms]
2025-03-03 22:15:35.523 [info] > git add -A -- . [9ms]
2025-03-03 22:15:35.523 [info] warning: in the working copy of 'src/main/java/com/openclassrooms/springsecurityauth/controller/AuthController.java', LF will be replaced by CRLF the next time Git touches it
warning: in the working copy of 'src/main/java/com/openclassrooms/springsecurityauth/service/UserService.java', LF will be replaced by CRLF the next time Git touches it
warning: in the working copy of 'src/main/java/com/openclassrooms/springsecurityauth/dto/UserDTO.java', LF will be replaced by CRLF the next time Git touches it
warning: in the working copy of 'src/main/java/com/openclassrooms/springsecurityauth/mapper/UserMapper.java', LF will be replaced by CRLF the next time Git touches it
2025-03-03 22:15:35.541 [info] > git -c user.useConfigOnly=true commit --quiet --allow-empty-message --file - [13ms]
2025-03-03 22:15:35.548 [info] > git config --get commit.template [1ms]
2025-03-03 22:15:35.561 [info] > git config --get commit.template [7ms]
2025-03-03 22:15:35.562 [info] > git for-each-ref --format=%(refname)%00%(upstream:short)%00%(objectname)%00%(upstream:track)%00%(upstream:remotename)%00%(upstream:remoteref) refs/heads/main refs/remotes/main [2ms]
2025-03-03 22:15:35.575 [info] > git status -z -uall [7ms]
2025-03-03 22:15:35.576 [info] > git for-each-ref --sort -committerdate --format %(refname) %(objectname) %(*objectname) [1ms]
2025-03-03 22:15:35.594 [info] > git merge-base refs/heads/main refs/remotes/origin/main [3ms]
2025-03-03 22:15:35.600 [info] > git blame --root --incremental b0175ec752cbfdcad186aecb394de32d4b218a75 -- /home/edouard/projects/springsecurityauth/src/main/java/com/openclassrooms/springsecurityauth/controller/AuthController.java [16ms]
2025-03-03 22:15:35.603 [info] > git diff --name-status -z --diff-filter=ADMR 61f7d0eac279f27e574c76f5680dc82b798c7dc6...refs/remotes/origin/main [3ms]
2025-03-03 22:15:35.640 [info] > git config --get commit.template [1ms]
2025-03-03 22:15:35.641 [info] > git log --format=%H%n%aN%n%aE%n%at%n%ct%n%P%n%D%n%B -z --shortstat --diff-merges=first-parent -n50 --skip=0 --topo-order --decorate=full --stdin [11ms]
2025-03-03 22:15:35.649 [info] > git for-each-ref --format=%(refname)%00%(upstream:short)%00%(objectname)%00%(upstream:track)%00%(upstream:remotename)%00%(upstream:remoteref) refs/heads/main refs/remotes/main [2ms]
2025-03-03 22:15:35.660 [info] > git status -z -uall [6ms]
2025-03-03 22:15:35.661 [info] > git for-each-ref --sort -committerdate --format %(refname) %(objectname) %(*objectname) [2ms]
2025-03-03 22:15:36.739 [info] > git ls-files --stage -- /home/edouard/projects/springsecurityauth/src/main/java/com/openclassrooms/springsecurityauth/controller/AuthController.java [1ms]
2025-03-03 22:15:36.744 [info] > git cat-file -s 8083c24f6cc09bbfdb089c1e436631f890045fe6 [1ms]
2025-03-03 22:15:36.755 [info] > git show --textconv :src/main/java/com/openclassrooms/springsecurityauth/controller/AuthController.java [2ms]
2025-03-03 22:15:37.748 [info] > git config --get commit.template [6ms]
2025-03-03 22:15:37.749 [info] > git for-each-ref --format=%(refname)%00%(upstream:short)%00%(objectname)%00%(upstream:track)%00%(upstream:remotename)%00%(upstream:remoteref) refs/heads/main refs/remotes/main [2ms]
2025-03-03 22:15:37.767 [info] > git status -z -uall [10ms]
2025-03-03 22:15:37.767 [info] > git for-each-ref --sort -committerdate --format %(refname) %(objectname) %(*objectname) [3ms]
2025-03-03 22:15:44.847 [info] > git log --oneline --cherry main...main@{upstream} -- [2ms]
2025-03-03 22:15:46.057 [info] > git ls-files --stage -- /home/edouard/projects/springsecurityauth/src/main/java/com/openclassrooms/springsecurityauth/controller/AuthController.java [2ms]
2025-03-03 22:15:46.064 [info] > git cat-file -s 8083c24f6cc09bbfdb089c1e436631f890045fe6 [1ms]
2025-03-03 22:15:46.076 [info] > git show --textconv :src/main/java/com/openclassrooms/springsecurityauth/controller/AuthController.java [2ms]
2025-03-03 22:15:59.630 [info] > git pull --tags origin main [14774ms]
2025-03-03 22:15:59.630 [info] git@github.com: Permission denied (publickey).
fatal: Could not read from remote repository.

Please make sure you have the correct access rights
and the repository exists.
2025-03-03 22:15:59.644 [info] > git config --get commit.template [7ms]
2025-03-03 22:15:59.645 [info] > git for-each-ref --format=%(refname)%00%(upstream:short)%00%(objectname)%00%(upstream:track)%00%(upstream:remotename)%00%(upstream:remoteref) refs/heads/main refs/remotes/main [2ms]
2025-03-03 22:15:59.658 [info] > git status -z -uall [6ms]
2025-03-03 22:15:59.659 [info] > git for-each-ref --sort -committerdate --format %(refname) %(objectname) %(*objectname) [2ms]
