2025-02-25 17:33:03.855 [info] [main] Log level: Info
2025-02-25 17:33:03.855 [info] [main] Validating found git in: "git"
2025-02-25 17:33:03.855 [info] [main] Using git "2.43.0" from "git"
2025-02-25 17:33:03.855 [info] [Model][doInitialScan] Initial repository scan started
2025-02-25 17:33:03.855 [info] > git rev-parse --show-toplevel [31ms]
2025-02-25 17:33:03.856 [info] > git rev-parse --git-dir --git-common-dir [36ms]
2025-02-25 17:33:03.856 [info] [Model][openRepository] Opened repository: /home/edouard/P3
2025-02-25 17:33:03.863 [info] > git rev-parse --show-toplevel [20ms]
2025-02-25 17:33:03.867 [info] > git config --get commit.template [31ms]
2025-02-25 17:33:04.013 [info] > git rev-parse --show-toplevel [132ms]
2025-02-25 17:33:04.021 [info] > git for-each-ref --format=%(refname)%00%(upstream:short)%00%(objectname)%00%(upstream:track)%00%(upstream:remotename)%00%(upstream:remoteref) refs/heads/main refs/remotes/main [130ms]
2025-02-25 17:33:04.022 [info] > git rev-parse --show-toplevel [3ms]
2025-02-25 17:33:04.028 [warning] [Git][revParse] Unable to read file: ENOENT: no such file or directory, open '/home/edouard/P3/.git/refs/remotes/origin/main'
2025-02-25 17:33:04.051 [info] > git rev-parse --show-toplevel [17ms]
2025-02-25 17:33:04.054 [info] [Model][doInitialScan] Initial repository scan completed - repositories (1), closed repositories (0), parent repositories (0), unsafe repositories (0)
2025-02-25 17:33:04.054 [info] > git rev-parse refs/remotes/origin/main [27ms]
2025-02-25 17:33:04.077 [info] > git status -z -uall [17ms]
2025-02-25 17:33:04.077 [info] > git for-each-ref --sort -committerdate --format %(refname) %(objectname) %(*objectname) [11ms]
2025-02-25 17:33:04.100 [info] > git for-each-ref --format=%(refname)%00%(upstream:short)%00%(objectname)%00%(upstream:track)%00%(upstream:remotename)%00%(upstream:remoteref) refs/heads/main refs/remotes/main [10ms]
2025-02-25 17:33:04.110 [info] > git config --get commit.template [13ms]
2025-02-25 17:33:04.112 [info] > git config --get --local branch.main.vscode-merge-base [4ms]
2025-02-25 17:33:04.112 [warning] [Git][config] git config failed: Failed to execute git
2025-02-25 17:33:04.382 [info] > git for-each-ref --format=%(refname)%00%(upstream:short)%00%(objectname)%00%(upstream:track)%00%(upstream:remotename)%00%(upstream:remoteref) refs/heads/main refs/remotes/main [260ms]
2025-02-25 17:33:04.383 [info] > git reflog main --grep-reflog=branch: Created from *. [266ms]
2025-02-25 17:33:04.400 [warning] [Git][revParse] Unable to read file: ENOENT: no such file or directory, open '/home/edouard/P3/.git/refs/remotes/origin/main'
2025-02-25 17:33:04.404 [info] > git check-ignore -v -z --stdin [10ms]
2025-02-25 17:33:04.405 [info] > git symbolic-ref --short refs/remotes/origin/HEAD [17ms]
2025-02-25 17:33:04.411 [info] > git rev-parse refs/remotes/origin/main [10ms]
2025-02-25 17:33:04.434 [info] > git status -z -uall [18ms]
2025-02-25 17:33:04.434 [info] > git show --textconv :src/index.html [6ms]
2025-02-25 17:33:04.434 [info] > git for-each-ref --format=%(refname)%00%(upstream:short)%00%(objectname)%00%(upstream:track)%00%(upstream:remotename)%00%(upstream:remoteref) refs/heads/origin/main refs/remotes/origin/main [25ms]
2025-02-25 17:33:04.448 [info] > git ls-files --stage -- /home/edouard/P3/src/index.html [15ms]
2025-02-25 17:33:04.455 [info] > git for-each-ref --sort -committerdate --format %(refname) %(objectname) %(*objectname) [34ms]
2025-02-25 17:33:04.473 [info] > git for-each-ref --format=%(refname)%00%(upstream:short)%00%(objectname)%00%(upstream:track)%00%(upstream:remotename)%00%(upstream:remoteref) refs/heads/main refs/remotes/main [12ms]
2025-02-25 17:33:04.479 [info] > git cat-file -s a8d6fd6c199e2ed31aae92bd10877efd6303585b [25ms]
2025-02-25 17:33:04.480 [info] > git config --add --local branch.main.vscode-merge-base origin/main [41ms]
2025-02-25 17:33:04.516 [info] > git config --get --local branch.main.vscode-merge-base [38ms]
2025-02-25 17:33:04.534 [info] > git config --get commit.template [48ms]
2025-02-25 17:33:04.543 [info] > git config --get commit.template [14ms]
2025-02-25 17:33:04.543 [info] > git for-each-ref --format=%(refname)%00%(upstream:short)%00%(objectname)%00%(upstream:track)%00%(upstream:remotename)%00%(upstream:remoteref) refs/heads/origin/main refs/remotes/origin/main [21ms]
2025-02-25 17:33:04.557 [info] > git merge-base refs/heads/main refs/remotes/origin/main [8ms]
2025-02-25 17:33:04.573 [info] > git for-each-ref --format=%(refname)%00%(upstream:short)%00%(objectname)%00%(upstream:track)%00%(upstream:remotename)%00%(upstream:remoteref) refs/heads/main refs/remotes/main [17ms]
2025-02-25 17:33:04.579 [warning] [Git][revParse] Unable to read file: ENOENT: no such file or directory, open '/home/edouard/P3/.git/refs/remotes/origin/main'
2025-02-25 17:33:04.579 [info] > git for-each-ref --format=%(refname)%00%(upstream:short)%00%(objectname)%00%(upstream:track)%00%(upstream:remotename)%00%(upstream:remoteref) refs/heads/main refs/remotes/main [8ms]
2025-02-25 17:33:04.579 [info] > git diff --name-status -z --diff-filter=ADMR 483c4e187feba209fb6621c59e4089228e0c119e...refs/remotes/origin/main [14ms]
2025-02-25 17:33:04.586 [warning] [Git][revParse] Unable to read file: ENOENT: no such file or directory, open '/home/edouard/P3/.git/refs/remotes/origin/main'
2025-02-25 17:33:04.588 [info] > git rev-parse refs/remotes/origin/main [8ms]
2025-02-25 17:33:04.600 [info] > git rev-parse refs/remotes/origin/main [14ms]
2025-02-25 17:33:04.613 [info] > git status -z -uall [7ms]
2025-02-25 17:33:04.613 [info] > git blame --root --incremental 483c4e187feba209fb6621c59e4089228e0c119e -- /home/edouard/P3/src/index.html [17ms]
2025-02-25 17:33:04.615 [info] > git for-each-ref --sort -committerdate --format %(refname) %(objectname) %(*objectname) [4ms]
2025-02-25 17:33:36.848 [info] > git config --get commit.template [8ms]
2025-02-25 17:33:36.854 [info] > git ls-files --stage -- /home/edouard/P3/src/index.html [7ms]
2025-02-25 17:33:36.860 [info] > git for-each-ref --format=%(refname)%00%(upstream:short)%00%(objectname)%00%(upstream:track)%00%(upstream:remotename)%00%(upstream:remoteref) refs/heads/main refs/remotes/main [6ms]
2025-02-25 17:33:36.861 [info] > git cat-file -s 1558ff0834d03f3ac10148a81fdbad96f6d293f0 [1ms]
2025-02-25 17:33:36.871 [info] > git status -z -uall [5ms]
2025-02-25 17:33:36.874 [info] > git for-each-ref --sort -committerdate --format %(refname) %(objectname) %(*objectname) [4ms]
2025-02-25 17:33:36.897 [info] > git merge-base refs/heads/main refs/remotes/origin/main [9ms]
2025-02-25 17:33:36.903 [info] > git blame --root --incremental 15d86d23a93111f67221d89883eba1bd58fdd75b -- /home/edouard/P3/src/index.html [19ms]
2025-02-25 17:33:36.905 [info] > git show --textconv :src/index.html [9ms]
2025-02-25 17:33:36.906 [info] > git diff --name-status -z --diff-filter=ADMR 15d86d23a93111f67221d89883eba1bd58fdd75b...refs/remotes/origin/main [3ms]
2025-02-25 17:33:41.908 [info] > git config --get commit.template [7ms]
2025-02-25 17:33:41.909 [info] > git for-each-ref --format=%(refname)%00%(upstream:short)%00%(objectname)%00%(upstream:track)%00%(upstream:remotename)%00%(upstream:remoteref) refs/heads/main refs/remotes/main [2ms]
2025-02-25 17:33:41.924 [info] > git status -z -uall [9ms]
2025-02-25 17:33:41.924 [info] > git for-each-ref --sort -committerdate --format %(refname) %(objectname) %(*objectname) [4ms]
